<?xml version="1.0" encoding="UTF-8"?>
<testsuite name="com.example.greetinghystrix.GreetingHystrixApplicationTests" tests="1" skipped="0" failures="0" errors="0" timestamp="2019-02-12T16:09:37" hostname="cdelabs" time="4.554">
  <properties/>
  <testcase name="contextLoads" classname="com.example.greetinghystrix.GreetingHystrixApplicationTests" time="4.554"/>
  <system-out><![CDATA[10:06:58.473 [Test worker] DEBUG org.springframework.test.context.junit4.SpringJUnit4ClassRunner - SpringJUnit4ClassRunner constructor called with [class com.example.greetinghystrix.GreetingHystrixApplicationTests]
10:06:58.572 [Test worker] DEBUG org.springframework.test.context.BootstrapUtils - Instantiating CacheAwareContextLoaderDelegate from class [org.springframework.test.context.cache.DefaultCacheAwareContextLoaderDelegate]
10:06:58.651 [Test worker] DEBUG org.springframework.test.context.BootstrapUtils - Instantiating BootstrapContext using constructor [public org.springframework.test.context.support.DefaultBootstrapContext(java.lang.Class,org.springframework.test.context.CacheAwareContextLoaderDelegate)]
10:06:58.710 [Test worker] DEBUG org.springframework.test.context.BootstrapUtils - Instantiating TestContextBootstrapper for test class [com.example.greetinghystrix.GreetingHystrixApplicationTests] from class [org.springframework.boot.test.context.SpringBootTestContextBootstrapper]
10:06:58.877 [Test worker] INFO org.springframework.boot.test.context.SpringBootTestContextBootstrapper - Neither @ContextConfiguration nor @ContextHierarchy found for test class [com.example.greetinghystrix.GreetingHystrixApplicationTests], using SpringBootContextLoader
10:06:58.960 [Test worker] DEBUG org.springframework.test.context.support.AbstractContextLoader - Did not detect default resource location for test class [com.example.greetinghystrix.GreetingHystrixApplicationTests]: class path resource [com/example/greetinghystrix/GreetingHystrixApplicationTests-context.xml] does not exist
10:06:58.962 [Test worker] DEBUG org.springframework.test.context.support.AbstractContextLoader - Did not detect default resource location for test class [com.example.greetinghystrix.GreetingHystrixApplicationTests]: class path resource [com/example/greetinghystrix/GreetingHystrixApplicationTestsContext.groovy] does not exist
10:06:58.962 [Test worker] INFO org.springframework.test.context.support.AbstractContextLoader - Could not detect default resource locations for test class [com.example.greetinghystrix.GreetingHystrixApplicationTests]: no resource found for suffixes {-context.xml, Context.groovy}.
10:06:58.964 [Test worker] INFO org.springframework.test.context.support.AnnotationConfigContextLoaderUtils - Could not detect default configuration classes for test class [com.example.greetinghystrix.GreetingHystrixApplicationTests]: GreetingHystrixApplicationTests does not declare any static, non-private, non-final, nested classes annotated with @Configuration.
10:06:59.509 [Test worker] DEBUG org.springframework.test.context.support.ActiveProfilesUtils - Could not find an 'annotation declaring class' for annotation type [org.springframework.test.context.ActiveProfiles] and class [com.example.greetinghystrix.GreetingHystrixApplicationTests]
10:06:59.908 [Test worker] DEBUG org.springframework.context.annotation.ClassPathScanningCandidateComponentProvider - Identified candidate component class: file [/home/cdelabs/workspace/spring-cloud-pleasedontdelete/greeting-hystrix/build/classes/java/main/com/example/greetinghystrix/GreetingHystrixApplication.class]
10:06:59.914 [Test worker] INFO org.springframework.boot.test.context.SpringBootTestContextBootstrapper - Found @SpringBootConfiguration com.example.greetinghystrix.GreetingHystrixApplication for test class com.example.greetinghystrix.GreetingHystrixApplicationTests
10:07:01.321 [Test worker] DEBUG org.springframework.boot.test.context.SpringBootTestContextBootstrapper - @TestExecutionListeners is not present for class [com.example.greetinghystrix.GreetingHystrixApplicationTests]: using defaults.
10:07:01.322 [Test worker] INFO org.springframework.boot.test.context.SpringBootTestContextBootstrapper - Loaded default TestExecutionListener class names from location [META-INF/spring.factories]: [org.springframework.boot.test.autoconfigure.restdocs.RestDocsTestExecutionListener, org.springframework.boot.test.autoconfigure.web.client.MockRestServiceServerResetTestExecutionListener, org.springframework.boot.test.autoconfigure.web.servlet.MockMvcPrintOnlyOnFailureTestExecutionListener, org.springframework.boot.test.autoconfigure.web.servlet.WebDriverTestExecutionListener, org.springframework.boot.test.mock.mockito.MockitoTestExecutionListener, org.springframework.boot.test.mock.mockito.ResetMocksTestExecutionListener, org.springframework.test.context.web.ServletTestExecutionListener, org.springframework.test.context.support.DirtiesContextBeforeModesTestExecutionListener, org.springframework.test.context.support.DependencyInjectionTestExecutionListener, org.springframework.test.context.support.DirtiesContextTestExecutionListener, org.springframework.test.context.transaction.TransactionalTestExecutionListener, org.springframework.test.context.jdbc.SqlScriptsTestExecutionListener]
10:07:01.597 [Test worker] INFO org.springframework.boot.test.context.SpringBootTestContextBootstrapper - Using TestExecutionListeners: [org.springframework.test.context.web.ServletTestExecutionListener@73f792b2, org.springframework.test.context.support.DirtiesContextBeforeModesTestExecutionListener@6fbbf905, org.springframework.boot.test.mock.mockito.MockitoTestExecutionListener@967eaf9, org.springframework.boot.test.autoconfigure.SpringBootDependencyInjectionTestExecutionListener@2b205046, org.springframework.test.context.support.DirtiesContextTestExecutionListener@648d3592, org.springframework.test.context.transaction.TransactionalTestExecutionListener@544e8bd7, org.springframework.test.context.jdbc.SqlScriptsTestExecutionListener@62c89385, org.springframework.boot.test.autoconfigure.restdocs.RestDocsTestExecutionListener@4b434dfa, org.springframework.boot.test.autoconfigure.web.client.MockRestServiceServerResetTestExecutionListener@46efd0a5, org.springframework.boot.test.autoconfigure.web.servlet.MockMvcPrintOnlyOnFailureTestExecutionListener@66dffb9c, org.springframework.boot.test.autoconfigure.web.servlet.WebDriverTestExecutionListener@402d1879, org.springframework.boot.test.mock.mockito.ResetMocksTestExecutionListener@11d0b11b]
10:07:01.688 [Test worker] DEBUG org.springframework.test.annotation.ProfileValueUtils - Retrieved @ProfileValueSourceConfiguration [null] for test class [com.example.greetinghystrix.GreetingHystrixApplicationTests]
10:07:01.689 [Test worker] DEBUG org.springframework.test.annotation.ProfileValueUtils - Retrieved ProfileValueSource type [class org.springframework.test.annotation.SystemProfileValueSource] for class [com.example.greetinghystrix.GreetingHystrixApplicationTests]
10:07:01.708 [Test worker] DEBUG org.springframework.test.annotation.ProfileValueUtils - Retrieved @ProfileValueSourceConfiguration [null] for test class [com.example.greetinghystrix.GreetingHystrixApplicationTests]
10:07:01.709 [Test worker] DEBUG org.springframework.test.annotation.ProfileValueUtils - Retrieved ProfileValueSource type [class org.springframework.test.annotation.SystemProfileValueSource] for class [com.example.greetinghystrix.GreetingHystrixApplicationTests]
10:07:01.849 [Test worker] DEBUG org.springframework.test.context.support.AbstractDirtiesContextTestExecutionListener - Before test class: context [DefaultTestContext@1e56cc78 testClass = GreetingHystrixApplicationTests, testInstance = [null], testMethod = [null], testException = [null], mergedContextConfiguration = [WebMergedContextConfiguration@cad20 testClass = GreetingHystrixApplicationTests, locations = '{}', classes = '{class com.example.greetinghystrix.GreetingHystrixApplication}', contextInitializerClasses = '[]', activeProfiles = '{}', propertySourceLocations = '{}', propertySourceProperties = '{org.springframework.boot.test.context.SpringBootTestContextBootstrapper=true}', contextCustomizers = set[org.springframework.boot.test.autoconfigure.properties.PropertyMappingContextCustomizer@0, org.springframework.boot.test.autoconfigure.web.servlet.WebDriverContextCustomizerFactory$Customizer@50e1f66, org.springframework.boot.test.context.filter.ExcludeFilterContextCustomizer@c2c3be9, org.springframework.boot.test.json.DuplicateJsonObjectContextCustomizerFactory$DuplicateJsonObjectContextCustomizer@43a66512, org.springframework.boot.test.mock.mockito.MockitoContextCustomizer@0, org.springframework.boot.test.web.client.TestRestTemplateContextCustomizer@280a82e9], resourceBasePath = 'src/main/webapp', contextLoader = 'org.springframework.boot.test.context.SpringBootContextLoader', parent = [null]], attributes = map['org.springframework.test.context.web.ServletTestExecutionListener.activateListener' -> true]], class annotated with @DirtiesContext [false] with mode [null].
10:07:01.851 [Test worker] DEBUG org.springframework.test.annotation.ProfileValueUtils - Retrieved @ProfileValueSourceConfiguration [null] for test class [com.example.greetinghystrix.GreetingHystrixApplicationTests]
10:07:01.851 [Test worker] DEBUG org.springframework.test.annotation.ProfileValueUtils - Retrieved ProfileValueSource type [class org.springframework.test.annotation.SystemProfileValueSource] for class [com.example.greetinghystrix.GreetingHystrixApplicationTests]
10:07:02.689 [Test worker] DEBUG org.springframework.test.context.support.TestPropertySourceUtils - Adding inlined properties to environment: {spring.jmx.enabled=false, org.springframework.boot.test.context.SpringBootTestContextBootstrapper=true, server.port=-1}
2019-02-12 10:07:25.340  INFO 20415 --- [    Test worker] trationDelegate$BeanPostProcessorChecker : Bean 'org.springframework.cloud.autoconfigure.ConfigurationPropertiesRebinderAutoConfiguration' of type [org.springframework.cloud.autoconfigure.ConfigurationPropertiesRebinderAutoConfiguration$$EnhancerBySpringCGLIB$$571c52a9] is not eligible for getting processed by all BeanPostProcessors (for example: not eligible for auto-proxying)

  .   ____          _            __ _ _
 /\\ / ___'_ __ _ _(_)_ __  __ _ \ \ \ \
( ( )\___ | '_ | '_| | '_ \/ _` | \ \ \ \
 \\/  ___)| |_)| | | | | || (_| |  ) ) ) )
  '  |____| .__|_| |_|_| |_\__, | / / / /
 =========|_|==============|___/=/_/_/_/
 :: Spring Boot ::        (v2.1.2.RELEASE)

2019-02-12 10:07:29.022  INFO 20415 --- [    Test worker] c.c.c.ConfigServicePropertySourceLocator : Fetching config from server at : http://localhost:8888
2019-02-12 10:07:33.776  INFO 20415 --- [    Test worker] c.c.c.ConfigServicePropertySourceLocator : Located environment: name=greeting-hystrix, profiles=[default], label=null, version=c2bae9c753dd2f60012559251fbb923ba9bcd5f2, state=null
2019-02-12 10:07:33.777  INFO 20415 --- [    Test worker] b.c.PropertySourceBootstrapConfiguration : Located property source: CompositePropertySource {name='configService', propertySources=[MapPropertySource {name='configClient'}, MapPropertySource {name='https://github.com/madhoob00123/app-config.git/application.yml'}]}
2019-02-12 10:07:34.451  INFO 20415 --- [    Test worker] c.e.g.GreetingHystrixApplicationTests    : No active profile set, falling back to default profiles: default
2019-02-12 10:07:46.989  WARN 20415 --- [    Test worker] o.s.boot.actuate.endpoint.EndpointId     : Endpoint ID 'service-registry' contains invalid characters, please migrate to a valid format.
2019-02-12 10:07:47.121  WARN 20415 --- [    Test worker] o.s.boot.actuate.endpoint.EndpointId     : Endpoint ID 'hystrix.stream' contains invalid characters, please migrate to a valid format.
2019-02-12 10:07:49.938  INFO 20415 --- [    Test worker] o.s.cloud.context.scope.GenericScope     : BeanFactory id=8c48bfcd-6ff7-3587-a7b4-cbf8fc116ac8
2019-02-12 10:07:50.241  INFO 20415 --- [    Test worker] faultConfiguringBeanFactoryPostProcessor : No bean named 'errorChannel' has been explicitly defined. Therefore, a default PublishSubscribeChannel will be created.
2019-02-12 10:07:50.543  INFO 20415 --- [    Test worker] faultConfiguringBeanFactoryPostProcessor : No bean named 'integrationHeaderChannelRegistry' has been explicitly defined. Therefore, a default DefaultHeaderChannelRegistry will be created.
2019-02-12 10:07:50.971  INFO 20415 --- [    Test worker] trationDelegate$BeanPostProcessorChecker : Bean 'org.springframework.amqp.rabbit.annotation.RabbitBootstrapConfiguration' of type [org.springframework.amqp.rabbit.annotation.RabbitBootstrapConfiguration$$EnhancerBySpringCGLIB$$16e0dda] is not eligible for getting processed by all BeanPostProcessors (for example: not eligible for auto-proxying)
2019-02-12 10:07:53.735  INFO 20415 --- [    Test worker] trationDelegate$BeanPostProcessorChecker : Bean 'integrationDisposableAutoCreatedBeans' of type [org.springframework.integration.config.annotation.Disposables] is not eligible for getting processed by all BeanPostProcessors (for example: not eligible for auto-proxying)
2019-02-12 10:07:55.130  INFO 20415 --- [    Test worker] trationDelegate$BeanPostProcessorChecker : Bean 'org.springframework.integration.config.IntegrationManagementConfiguration' of type [org.springframework.integration.config.IntegrationManagementConfiguration$$EnhancerBySpringCGLIB$$a5f40adb] is not eligible for getting processed by all BeanPostProcessors (for example: not eligible for auto-proxying)
2019-02-12 10:07:55.340  INFO 20415 --- [    Test worker] trationDelegate$BeanPostProcessorChecker : Bean 'org.springframework.cloud.autoconfigure.ConfigurationPropertiesRebinderAutoConfiguration' of type [org.springframework.cloud.autoconfigure.ConfigurationPropertiesRebinderAutoConfiguration$$EnhancerBySpringCGLIB$$571c52a9] is not eligible for getting processed by all BeanPostProcessors (for example: not eligible for auto-proxying)
2019-02-12 10:08:03.821  WARN 20415 --- [    Test worker] c.n.c.sources.URLConfigurationSource     : No URLs will be polled as dynamic configuration sources.
2019-02-12 10:08:03.863  INFO 20415 --- [    Test worker] c.n.c.sources.URLConfigurationSource     : To enable URLs as dynamic configuration sources, define System property archaius.configurationSource.additionalUrls or make config.properties available on classpath.
2019-02-12 10:08:03.879  WARN 20415 --- [    Test worker] c.n.c.sources.URLConfigurationSource     : No URLs will be polled as dynamic configuration sources.
2019-02-12 10:08:03.879  INFO 20415 --- [    Test worker] c.n.c.sources.URLConfigurationSource     : To enable URLs as dynamic configuration sources, define System property archaius.configurationSource.additionalUrls or make config.properties available on classpath.
2019-02-12 10:08:13.196  INFO 20415 --- [    Test worker] o.s.s.concurrent.ThreadPoolTaskExecutor  : Initializing ExecutorService 'applicationTaskExecutor'
2019-02-12 10:08:40.841  INFO 20415 --- [    Test worker] o.s.s.c.ThreadPoolTaskScheduler          : Initializing ExecutorService 'taskScheduler'
2019-02-12 10:08:44.054  INFO 20415 --- [    Test worker] .s.s.UserDetailsServiceAutoConfiguration : 

Using generated security password: b3adfce6-8e5b-486c-b77b-56ed6fca9004

2019-02-12 10:08:46.389  INFO 20415 --- [    Test worker] o.s.s.web.DefaultSecurityFilterChain     : Creating filter chain: any request, [org.springframework.security.web.context.request.async.WebAsyncManagerIntegrationFilter@5beeafb6, org.springframework.security.web.context.SecurityContextPersistenceFilter@44ab431b, org.springframework.security.web.header.HeaderWriterFilter@54c09dbc, org.springframework.security.web.csrf.CsrfFilter@16e900bc, org.springframework.security.web.authentication.logout.LogoutFilter@e7b11fa, org.springframework.security.web.authentication.UsernamePasswordAuthenticationFilter@6b5b38ac, org.springframework.security.web.authentication.ui.DefaultLoginPageGeneratingFilter@becf8fe, org.springframework.security.web.authentication.ui.DefaultLogoutPageGeneratingFilter@75274e32, org.springframework.security.web.authentication.www.BasicAuthenticationFilter@62865d6c, org.springframework.security.web.savedrequest.RequestCacheAwareFilter@6b2b8016, org.springframework.security.web.servletapi.SecurityContextHolderAwareRequestFilter@6f4f1455, org.springframework.security.web.authentication.AnonymousAuthenticationFilter@71d92f18, org.springframework.security.web.session.SessionManagementFilter@6b5935d5, org.springframework.security.web.access.ExceptionTranslationFilter@1c41bf05, org.springframework.security.web.access.intercept.FilterSecurityInterceptor@60df85c0]
2019-02-12 10:08:47.475  INFO 20415 --- [    Test worker] o.s.b.a.e.web.EndpointLinksResolver      : Exposing 1 endpoint(s) beneath base path '/actuator'
2019-02-12 10:08:54.489  INFO 20415 --- [    Test worker] o.s.i.endpoint.EventDrivenConsumer       : Adding {logging-channel-adapter:_org.springframework.integration.errorLogger} as a subscriber to the 'errorChannel' channel
2019-02-12 10:08:54.489  INFO 20415 --- [    Test worker] o.s.i.channel.PublishSubscribeChannel    : Channel 'greeting-hystrix-1.errorChannel' has 1 subscriber(s).
2019-02-12 10:08:54.489  INFO 20415 --- [    Test worker] o.s.i.endpoint.EventDrivenConsumer       : started _org.springframework.integration.errorLogger
2019-02-12 10:09:00.202  INFO 20415 --- [    Test worker] c.c.c.ConfigServicePropertySourceLocator : Fetching config from server at : http://localhost:8888
2019-02-12 10:09:25.813  INFO 20415 --- [    Test worker] c.c.c.ConfigServicePropertySourceLocator : Located environment: name=greeting-hystrix, profiles=[default], label=null, version=c2bae9c753dd2f60012559251fbb923ba9bcd5f2, state=null
2019-02-12 10:09:25.814  INFO 20415 --- [    Test worker] b.c.PropertySourceBootstrapConfiguration : Located property source: CompositePropertySource {name='configService', propertySources=[MapPropertySource {name='configClient'}, MapPropertySource {name='https://github.com/madhoob00123/app-config.git/application.yml'}]}
2019-02-12 10:09:29.036  INFO 20415 --- [    Test worker] o.s.a.r.c.CachingConnectionFactory       : Attempting to connect to: [localhost:5672]
2019-02-12 10:09:33.921  INFO 20415 --- [    Test worker] o.s.c.s.m.DirectWithAttributesChannel    : Channel 'greeting-hystrix-1.hystrixStreamOutput' has 1 subscriber(s).
2019-02-12 10:09:35.352  INFO 20415 --- [    Test worker] c.e.g.GreetingHystrixApplicationTests    : Started GreetingHystrixApplicationTests in 152.135 seconds (JVM running for 164.388)
]]></system-out>
  <system-err><![CDATA[]]></system-err>
</testsuite>
