<?xml version="1.0" encoding="UTF-8"?>
<testsuite name="com.example.quote.QuoteApplicationTests" tests="1" skipped="0" failures="0" errors="0" timestamp="2019-02-06T21:51:02" hostname="cdelabs" time="0.239">
  <properties/>
  <testcase name="contextLoads" classname="com.example.quote.QuoteApplicationTests" time="0.239"/>
  <system-out><![CDATA[15:51:01.185 [Test worker] DEBUG org.springframework.test.context.junit4.SpringJUnit4ClassRunner - SpringJUnit4ClassRunner constructor called with [class com.example.quote.QuoteApplicationTests]
15:51:01.190 [Test worker] DEBUG org.springframework.test.context.BootstrapUtils - Instantiating CacheAwareContextLoaderDelegate from class [org.springframework.test.context.cache.DefaultCacheAwareContextLoaderDelegate]
15:51:01.200 [Test worker] DEBUG org.springframework.test.context.BootstrapUtils - Instantiating BootstrapContext using constructor [public org.springframework.test.context.support.DefaultBootstrapContext(java.lang.Class,org.springframework.test.context.CacheAwareContextLoaderDelegate)]
15:51:01.217 [Test worker] DEBUG org.springframework.test.context.BootstrapUtils - Instantiating TestContextBootstrapper for test class [com.example.quote.QuoteApplicationTests] from class [org.springframework.boot.test.context.SpringBootTestContextBootstrapper]
15:51:01.231 [Test worker] INFO org.springframework.boot.test.context.SpringBootTestContextBootstrapper - Neither @ContextConfiguration nor @ContextHierarchy found for test class [com.example.quote.QuoteApplicationTests], using SpringBootContextLoader
15:51:01.233 [Test worker] DEBUG org.springframework.test.context.support.AbstractContextLoader - Did not detect default resource location for test class [com.example.quote.QuoteApplicationTests]: class path resource [com/example/quote/QuoteApplicationTests-context.xml] does not exist
15:51:01.233 [Test worker] DEBUG org.springframework.test.context.support.AbstractContextLoader - Did not detect default resource location for test class [com.example.quote.QuoteApplicationTests]: class path resource [com/example/quote/QuoteApplicationTestsContext.groovy] does not exist
15:51:01.233 [Test worker] INFO org.springframework.test.context.support.AbstractContextLoader - Could not detect default resource locations for test class [com.example.quote.QuoteApplicationTests]: no resource found for suffixes {-context.xml, Context.groovy}.
15:51:01.234 [Test worker] INFO org.springframework.test.context.support.AnnotationConfigContextLoaderUtils - Could not detect default configuration classes for test class [com.example.quote.QuoteApplicationTests]: QuoteApplicationTests does not declare any static, non-private, non-final, nested classes annotated with @Configuration.
15:51:01.284 [Test worker] DEBUG org.springframework.test.context.support.ActiveProfilesUtils - Could not find an 'annotation declaring class' for annotation type [org.springframework.test.context.ActiveProfiles] and class [com.example.quote.QuoteApplicationTests]
15:51:01.328 [Test worker] DEBUG org.springframework.context.annotation.ClassPathScanningCandidateComponentProvider - Identified candidate component class: file [/home/cdelabs/workspace/spring-cloud/quote/build/classes/java/main/com/example/quote/QuoteApplication.class]
15:51:01.329 [Test worker] INFO org.springframework.boot.test.context.SpringBootTestContextBootstrapper - Found @SpringBootConfiguration com.example.quote.QuoteApplication for test class com.example.quote.QuoteApplicationTests
15:51:01.389 [Test worker] DEBUG org.springframework.boot.test.context.SpringBootTestContextBootstrapper - @TestExecutionListeners is not present for class [com.example.quote.QuoteApplicationTests]: using defaults.
15:51:01.389 [Test worker] INFO org.springframework.boot.test.context.SpringBootTestContextBootstrapper - Loaded default TestExecutionListener class names from location [META-INF/spring.factories]: [org.springframework.boot.test.autoconfigure.restdocs.RestDocsTestExecutionListener, org.springframework.boot.test.autoconfigure.web.client.MockRestServiceServerResetTestExecutionListener, org.springframework.boot.test.autoconfigure.web.servlet.MockMvcPrintOnlyOnFailureTestExecutionListener, org.springframework.boot.test.autoconfigure.web.servlet.WebDriverTestExecutionListener, org.springframework.boot.test.mock.mockito.MockitoTestExecutionListener, org.springframework.boot.test.mock.mockito.ResetMocksTestExecutionListener, org.springframework.test.context.web.ServletTestExecutionListener, org.springframework.test.context.support.DirtiesContextBeforeModesTestExecutionListener, org.springframework.test.context.support.DependencyInjectionTestExecutionListener, org.springframework.test.context.support.DirtiesContextTestExecutionListener, org.springframework.test.context.transaction.TransactionalTestExecutionListener, org.springframework.test.context.jdbc.SqlScriptsTestExecutionListener]
15:51:01.395 [Test worker] DEBUG org.springframework.boot.test.context.SpringBootTestContextBootstrapper - Skipping candidate TestExecutionListener [org.springframework.test.context.transaction.TransactionalTestExecutionListener] due to a missing dependency. Specify custom listener classes or make the default listener classes and their required dependencies available. Offending class: [org/springframework/transaction/TransactionDefinition]
15:51:01.396 [Test worker] DEBUG org.springframework.boot.test.context.SpringBootTestContextBootstrapper - Skipping candidate TestExecutionListener [org.springframework.test.context.jdbc.SqlScriptsTestExecutionListener] due to a missing dependency. Specify custom listener classes or make the default listener classes and their required dependencies available. Offending class: [org/springframework/transaction/interceptor/TransactionAttribute]
15:51:01.396 [Test worker] INFO org.springframework.boot.test.context.SpringBootTestContextBootstrapper - Using TestExecutionListeners: [org.springframework.test.context.web.ServletTestExecutionListener@61dce848, org.springframework.test.context.support.DirtiesContextBeforeModesTestExecutionListener@37be9c6b, org.springframework.boot.test.mock.mockito.MockitoTestExecutionListener@569970d6, org.springframework.boot.test.autoconfigure.SpringBootDependencyInjectionTestExecutionListener@695b3264, org.springframework.test.context.support.DirtiesContextTestExecutionListener@6f4319af, org.springframework.boot.test.autoconfigure.restdocs.RestDocsTestExecutionListener@2c5d8de8, org.springframework.boot.test.autoconfigure.web.client.MockRestServiceServerResetTestExecutionListener@315f5775, org.springframework.boot.test.autoconfigure.web.servlet.MockMvcPrintOnlyOnFailureTestExecutionListener@1a78b28, org.springframework.boot.test.autoconfigure.web.servlet.WebDriverTestExecutionListener@765e64d2, org.springframework.boot.test.mock.mockito.ResetMocksTestExecutionListener@36ac953c]
15:51:01.398 [Test worker] DEBUG org.springframework.test.annotation.ProfileValueUtils - Retrieved @ProfileValueSourceConfiguration [null] for test class [com.example.quote.QuoteApplicationTests]
15:51:01.398 [Test worker] DEBUG org.springframework.test.annotation.ProfileValueUtils - Retrieved ProfileValueSource type [class org.springframework.test.annotation.SystemProfileValueSource] for class [com.example.quote.QuoteApplicationTests]
15:51:01.399 [Test worker] DEBUG org.springframework.test.annotation.ProfileValueUtils - Retrieved @ProfileValueSourceConfiguration [null] for test class [com.example.quote.QuoteApplicationTests]
15:51:01.399 [Test worker] DEBUG org.springframework.test.annotation.ProfileValueUtils - Retrieved ProfileValueSource type [class org.springframework.test.annotation.SystemProfileValueSource] for class [com.example.quote.QuoteApplicationTests]
15:51:01.402 [Test worker] DEBUG org.springframework.test.context.support.AbstractDirtiesContextTestExecutionListener - Before test class: context [DefaultTestContext@6b1b9caa testClass = QuoteApplicationTests, testInstance = [null], testMethod = [null], testException = [null], mergedContextConfiguration = [WebMergedContextConfiguration@6b572ca1 testClass = QuoteApplicationTests, locations = '{}', classes = '{class com.example.quote.QuoteApplication}', contextInitializerClasses = '[]', activeProfiles = '{}', propertySourceLocations = '{}', propertySourceProperties = '{org.springframework.boot.test.context.SpringBootTestContextBootstrapper=true}', contextCustomizers = set[org.springframework.boot.test.autoconfigure.properties.PropertyMappingContextCustomizer@0, org.springframework.boot.test.autoconfigure.web.servlet.WebDriverContextCustomizerFactory$Customizer@6192f814, org.springframework.boot.test.context.filter.ExcludeFilterContextCustomizer@1547cc64, org.springframework.boot.test.json.DuplicateJsonObjectContextCustomizerFactory$DuplicateJsonObjectContextCustomizer@a838666, org.springframework.boot.test.mock.mockito.MockitoContextCustomizer@0, org.springframework.boot.test.web.client.TestRestTemplateContextCustomizer@5c4b6874], resourceBasePath = 'src/main/webapp', contextLoader = 'org.springframework.boot.test.context.SpringBootContextLoader', parent = [null]], attributes = map['org.springframework.test.context.web.ServletTestExecutionListener.activateListener' -> true]], class annotated with @DirtiesContext [false] with mode [null].
15:51:01.402 [Test worker] DEBUG org.springframework.test.annotation.ProfileValueUtils - Retrieved @ProfileValueSourceConfiguration [null] for test class [com.example.quote.QuoteApplicationTests]
15:51:01.402 [Test worker] DEBUG org.springframework.test.annotation.ProfileValueUtils - Retrieved ProfileValueSource type [class org.springframework.test.annotation.SystemProfileValueSource] for class [com.example.quote.QuoteApplicationTests]
15:51:01.419 [Test worker] DEBUG org.springframework.test.context.support.TestPropertySourceUtils - Adding inlined properties to environment: {spring.jmx.enabled=false, org.springframework.boot.test.context.SpringBootTestContextBootstrapper=true, server.port=-1}

  .   ____          _            __ _ _
 /\\ / ___'_ __ _ _(_)_ __  __ _ \ \ \ \
( ( )\___ | '_ | '_| | '_ \/ _` | \ \ \ \
 \\/  ___)| |_)| | | | | || (_| |  ) ) ) )
  '  |____| .__|_| |_|_| |_\__, | / / / /
 =========|_|==============|___/=/_/_/_/
 :: Spring Boot ::        (v2.1.2.RELEASE)

2019-02-06 15:51:01.557  INFO 4482 --- [    Test worker] com.example.quote.QuoteApplicationTests  : Starting QuoteApplicationTests on cdelabs with PID 4482 (started by cdelabs in /home/cdelabs/workspace/spring-cloud/quote)
2019-02-06 15:51:01.558  INFO 4482 --- [    Test worker] com.example.quote.QuoteApplicationTests  : No active profile set, falling back to default profiles: default
2019-02-06 15:51:02.514  INFO 4482 --- [    Test worker] o.s.s.concurrent.ThreadPoolTaskExecutor  : Initializing ExecutorService 'applicationTaskExecutor'
2019-02-06 15:51:02.701  INFO 4482 --- [    Test worker] com.example.quote.QuoteApplicationTests  : Started QuoteApplicationTests in 1.278 seconds (JVM running for 2.005)
]]></system-out>
  <system-err><![CDATA[]]></system-err>
</testsuite>
