<?xml version="1.0" encoding="UTF-8"?>
<testsuite name="com.example.turbine.TurbineApplicationTests" tests="1" skipped="0" failures="0" errors="0" timestamp="2019-02-12T17:56:02" hostname="cdelabs" time="1.571">
  <properties/>
  <testcase name="contextLoads" classname="com.example.turbine.TurbineApplicationTests" time="1.571"/>
  <system-out><![CDATA[11:55:39.444 [Test worker] DEBUG org.springframework.test.context.junit4.SpringJUnit4ClassRunner - SpringJUnit4ClassRunner constructor called with [class com.example.turbine.TurbineApplicationTests]
11:55:39.595 [Test worker] DEBUG org.springframework.test.context.BootstrapUtils - Instantiating CacheAwareContextLoaderDelegate from class [org.springframework.test.context.cache.DefaultCacheAwareContextLoaderDelegate]
11:55:39.750 [Test worker] DEBUG org.springframework.test.context.BootstrapUtils - Instantiating BootstrapContext using constructor [public org.springframework.test.context.support.DefaultBootstrapContext(java.lang.Class,org.springframework.test.context.CacheAwareContextLoaderDelegate)]
11:55:39.823 [Test worker] DEBUG org.springframework.test.context.BootstrapUtils - Instantiating TestContextBootstrapper for test class [com.example.turbine.TurbineApplicationTests] from class [org.springframework.boot.test.context.SpringBootTestContextBootstrapper]
11:55:40.031 [Test worker] INFO org.springframework.boot.test.context.SpringBootTestContextBootstrapper - Neither @ContextConfiguration nor @ContextHierarchy found for test class [com.example.turbine.TurbineApplicationTests], using SpringBootContextLoader
11:55:40.141 [Test worker] DEBUG org.springframework.test.context.support.AbstractContextLoader - Did not detect default resource location for test class [com.example.turbine.TurbineApplicationTests]: class path resource [com/example/turbine/TurbineApplicationTests-context.xml] does not exist
11:55:40.142 [Test worker] DEBUG org.springframework.test.context.support.AbstractContextLoader - Did not detect default resource location for test class [com.example.turbine.TurbineApplicationTests]: class path resource [com/example/turbine/TurbineApplicationTestsContext.groovy] does not exist
11:55:40.143 [Test worker] INFO org.springframework.test.context.support.AbstractContextLoader - Could not detect default resource locations for test class [com.example.turbine.TurbineApplicationTests]: no resource found for suffixes {-context.xml, Context.groovy}.
11:55:40.145 [Test worker] INFO org.springframework.test.context.support.AnnotationConfigContextLoaderUtils - Could not detect default configuration classes for test class [com.example.turbine.TurbineApplicationTests]: TurbineApplicationTests does not declare any static, non-private, non-final, nested classes annotated with @Configuration.
11:55:41.919 [Test worker] DEBUG org.springframework.test.context.support.ActiveProfilesUtils - Could not find an 'annotation declaring class' for annotation type [org.springframework.test.context.ActiveProfiles] and class [com.example.turbine.TurbineApplicationTests]
11:55:43.092 [Test worker] DEBUG org.springframework.context.annotation.ClassPathScanningCandidateComponentProvider - Identified candidate component class: file [/home/cdelabs/workspace/spring-cloud-pleasedontdelete/turbine/build/classes/java/main/com/example/turbine/TurbineApplication.class]
11:55:43.095 [Test worker] INFO org.springframework.boot.test.context.SpringBootTestContextBootstrapper - Found @SpringBootConfiguration com.example.turbine.TurbineApplication for test class com.example.turbine.TurbineApplicationTests
11:55:45.434 [Test worker] DEBUG org.springframework.boot.test.context.SpringBootTestContextBootstrapper - @TestExecutionListeners is not present for class [com.example.turbine.TurbineApplicationTests]: using defaults.
11:55:45.443 [Test worker] INFO org.springframework.boot.test.context.SpringBootTestContextBootstrapper - Loaded default TestExecutionListener class names from location [META-INF/spring.factories]: [org.springframework.boot.test.autoconfigure.restdocs.RestDocsTestExecutionListener, org.springframework.boot.test.autoconfigure.web.client.MockRestServiceServerResetTestExecutionListener, org.springframework.boot.test.autoconfigure.web.servlet.MockMvcPrintOnlyOnFailureTestExecutionListener, org.springframework.boot.test.autoconfigure.web.servlet.WebDriverTestExecutionListener, org.springframework.boot.test.mock.mockito.MockitoTestExecutionListener, org.springframework.boot.test.mock.mockito.ResetMocksTestExecutionListener, org.springframework.test.context.web.ServletTestExecutionListener, org.springframework.test.context.support.DirtiesContextBeforeModesTestExecutionListener, org.springframework.test.context.support.DependencyInjectionTestExecutionListener, org.springframework.test.context.support.DirtiesContextTestExecutionListener, org.springframework.test.context.transaction.TransactionalTestExecutionListener, org.springframework.test.context.jdbc.SqlScriptsTestExecutionListener]
11:55:45.592 [Test worker] DEBUG org.springframework.boot.test.context.SpringBootTestContextBootstrapper - Skipping candidate TestExecutionListener [org.springframework.test.context.transaction.TransactionalTestExecutionListener] due to a missing dependency. Specify custom listener classes or make the default listener classes and their required dependencies available. Offending class: [org/springframework/transaction/TransactionDefinition]
11:55:45.594 [Test worker] DEBUG org.springframework.boot.test.context.SpringBootTestContextBootstrapper - Skipping candidate TestExecutionListener [org.springframework.test.context.jdbc.SqlScriptsTestExecutionListener] due to a missing dependency. Specify custom listener classes or make the default listener classes and their required dependencies available. Offending class: [org/springframework/transaction/interceptor/TransactionAttribute]
11:55:45.594 [Test worker] INFO org.springframework.boot.test.context.SpringBootTestContextBootstrapper - Using TestExecutionListeners: [org.springframework.test.context.web.ServletTestExecutionListener@30b03c0d, org.springframework.test.context.support.DirtiesContextBeforeModesTestExecutionListener@6e6e613c, org.springframework.boot.test.mock.mockito.MockitoTestExecutionListener@7ea48955, org.springframework.boot.test.autoconfigure.SpringBootDependencyInjectionTestExecutionListener@343dad8, org.springframework.test.context.support.DirtiesContextTestExecutionListener@3222cee9, org.springframework.boot.test.autoconfigure.restdocs.RestDocsTestExecutionListener@2f583e10, org.springframework.boot.test.autoconfigure.web.client.MockRestServiceServerResetTestExecutionListener@756ce48f, org.springframework.boot.test.autoconfigure.web.servlet.MockMvcPrintOnlyOnFailureTestExecutionListener@686465e0, org.springframework.boot.test.autoconfigure.web.servlet.WebDriverTestExecutionListener@4c95ab83, org.springframework.boot.test.mock.mockito.ResetMocksTestExecutionListener@2253b4bf]
11:55:45.625 [Test worker] DEBUG org.springframework.test.annotation.ProfileValueUtils - Retrieved @ProfileValueSourceConfiguration [null] for test class [com.example.turbine.TurbineApplicationTests]
11:55:45.626 [Test worker] DEBUG org.springframework.test.annotation.ProfileValueUtils - Retrieved ProfileValueSource type [class org.springframework.test.annotation.SystemProfileValueSource] for class [com.example.turbine.TurbineApplicationTests]
11:55:45.626 [Test worker] DEBUG org.springframework.test.annotation.ProfileValueUtils - Retrieved @ProfileValueSourceConfiguration [null] for test class [com.example.turbine.TurbineApplicationTests]
11:55:45.627 [Test worker] DEBUG org.springframework.test.annotation.ProfileValueUtils - Retrieved ProfileValueSource type [class org.springframework.test.annotation.SystemProfileValueSource] for class [com.example.turbine.TurbineApplicationTests]
11:55:45.661 [Test worker] DEBUG org.springframework.test.context.support.AbstractDirtiesContextTestExecutionListener - Before test class: context [DefaultTestContext@1d4e2395 testClass = TurbineApplicationTests, testInstance = [null], testMethod = [null], testException = [null], mergedContextConfiguration = [WebMergedContextConfiguration@134295c6 testClass = TurbineApplicationTests, locations = '{}', classes = '{class com.example.turbine.TurbineApplication}', contextInitializerClasses = '[]', activeProfiles = '{}', propertySourceLocations = '{}', propertySourceProperties = '{org.springframework.boot.test.context.SpringBootTestContextBootstrapper=true}', contextCustomizers = set[org.springframework.boot.test.autoconfigure.properties.PropertyMappingContextCustomizer@0, org.springframework.boot.test.autoconfigure.web.servlet.WebDriverContextCustomizerFactory$Customizer@66a8b5fa, org.springframework.boot.test.context.filter.ExcludeFilterContextCustomizer@41a87ee2, org.springframework.boot.test.json.DuplicateJsonObjectContextCustomizerFactory$DuplicateJsonObjectContextCustomizer@167d9161, org.springframework.boot.test.mock.mockito.MockitoContextCustomizer@0, org.springframework.boot.test.web.client.TestRestTemplateContextCustomizer@7f520920], resourceBasePath = 'src/main/webapp', contextLoader = 'org.springframework.boot.test.context.SpringBootContextLoader', parent = [null]], attributes = map['org.springframework.test.context.web.ServletTestExecutionListener.activateListener' -> true]], class annotated with @DirtiesContext [false] with mode [null].
11:55:45.661 [Test worker] DEBUG org.springframework.test.annotation.ProfileValueUtils - Retrieved @ProfileValueSourceConfiguration [null] for test class [com.example.turbine.TurbineApplicationTests]
11:55:45.662 [Test worker] DEBUG org.springframework.test.annotation.ProfileValueUtils - Retrieved ProfileValueSource type [class org.springframework.test.annotation.SystemProfileValueSource] for class [com.example.turbine.TurbineApplicationTests]
11:55:45.863 [Test worker] DEBUG org.springframework.test.context.support.TestPropertySourceUtils - Adding inlined properties to environment: {spring.jmx.enabled=false, org.springframework.boot.test.context.SpringBootTestContextBootstrapper=true, server.port=-1}
2019-02-12 11:55:53.162  INFO 5988 --- [    Test worker] trationDelegate$BeanPostProcessorChecker : Bean 'org.springframework.cloud.autoconfigure.ConfigurationPropertiesRebinderAutoConfiguration' of type [org.springframework.cloud.autoconfigure.ConfigurationPropertiesRebinderAutoConfiguration$$EnhancerBySpringCGLIB$$ddb53e05] is not eligible for getting processed by all BeanPostProcessors (for example: not eligible for auto-proxying)

  .   ____          _            __ _ _
 /\\ / ___'_ __ _ _(_)_ __  __ _ \ \ \ \
( ( )\___ | '_ | '_| | '_ \/ _` | \ \ \ \
 \\/  ___)| |_)| | | | | || (_| |  ) ) ) )
  '  |____| .__|_| |_|_| |_\__, | / / / /
 =========|_|==============|___/=/_/_/_/
 :: Spring Boot ::        (v2.1.2.RELEASE)

2019-02-12 11:55:54.354  INFO 5988 --- [    Test worker] c.e.turbine.TurbineApplicationTests      : No active profile set, falling back to default profiles: default
2019-02-12 11:55:57.249  INFO 5988 --- [    Test worker] o.s.cloud.context.scope.GenericScope     : BeanFactory id=2cca848d-c71e-3507-889a-8effebbace72
2019-02-12 11:55:57.564  INFO 5988 --- [    Test worker] trationDelegate$BeanPostProcessorChecker : Bean 'org.springframework.cloud.autoconfigure.ConfigurationPropertiesRebinderAutoConfiguration' of type [org.springframework.cloud.autoconfigure.ConfigurationPropertiesRebinderAutoConfiguration$$EnhancerBySpringCGLIB$$ddb53e05] is not eligible for getting processed by all BeanPostProcessors (for example: not eligible for auto-proxying)
2019-02-12 11:55:58.744  WARN 5988 --- [    Test worker] c.n.c.sources.URLConfigurationSource     : No URLs will be polled as dynamic configuration sources.
2019-02-12 11:55:58.744  INFO 5988 --- [    Test worker] c.n.c.sources.URLConfigurationSource     : To enable URLs as dynamic configuration sources, define System property archaius.configurationSource.additionalUrls or make config.properties available on classpath.
2019-02-12 11:55:58.750  WARN 5988 --- [    Test worker] c.n.c.sources.URLConfigurationSource     : No URLs will be polled as dynamic configuration sources.
2019-02-12 11:55:58.750  INFO 5988 --- [    Test worker] c.n.c.sources.URLConfigurationSource     : To enable URLs as dynamic configuration sources, define System property archaius.configurationSource.additionalUrls or make config.properties available on classpath.
2019-02-12 11:55:59.596  INFO 5988 --- [    Test worker] o.s.s.concurrent.ThreadPoolTaskExecutor  : Initializing ExecutorService 'applicationTaskExecutor'
2019-02-12 11:56:01.834  INFO 5988 --- [    Test worker] o.s.c.n.turbine.SpringAggregatorFactory  : Could not find monitors: []
2019-02-12 11:56:02.260  INFO 5988 --- [    Test worker] c.n.t.monitor.cluster.ClusterMonitor     : Registering event handler for cluster monitor: StaticListener_For_Aggregator
2019-02-12 11:56:02.270  INFO 5988 --- [    Test worker] c.n.t.handler.TurbineDataDispatcher      : 

Just added and starting handler tuple: StaticListener_For_Aggregator
2019-02-12 11:56:02.272  INFO 5988 --- [    Test worker] c.n.t.monitor.cluster.ClusterMonitor     : All event handlers for cluster monitor: [StaticListener_For_Aggregator]
2019-02-12 11:56:02.274  INFO 5988 --- [    Test worker] c.n.t.monitor.cluster.ClusterMonitor     : Starting up the cluster monitor for GREETING-HYSTRIX_agg
2019-02-12 11:56:02.279  INFO 5988 --- [    Test worker] c.n.t.discovery.InstanceObservable       : Starting InstanceObservable at frequency: 60000 millis
2019-02-12 11:56:02.280  INFO 5988 --- [        Timer-0] o.s.c.n.t.CommonsInstanceDiscovery       : Fetching instance list for apps: [greeting-hystrix]
2019-02-12 11:56:02.296  INFO 5988 --- [        Timer-0] o.s.c.n.turbine.EurekaInstanceDiscovery  : Fetching instances for app: greeting-hystrix
2019-02-12 11:56:02.416  INFO 5988 --- [        Timer-0] o.s.c.n.eureka.InstanceInfoFactory       : Setting initial instance status as: STARTING
2019-02-12 11:56:02.443  INFO 5988 --- [    Test worker] c.e.turbine.TurbineApplicationTests      : Started TurbineApplicationTests in 16.451 seconds (JVM running for 28.557)
2019-02-12 11:56:02.942  INFO 5988 --- [        Timer-0] com.netflix.discovery.DiscoveryClient    : Initializing Eureka in region us-east-1
]]></system-out>
  <system-err><![CDATA[]]></system-err>
</testsuite>
