<?xml version="1.0" encoding="UTF-8"?>
<testsuite name="com.example.greetingribbonrest.GreetingRibbonRestApplicationTests" tests="1" skipped="0" failures="0" errors="0" timestamp="2019-02-11T17:00:53" hostname="cdelabs" time="0.094">
  <properties/>
  <testcase name="contextLoads" classname="com.example.greetingribbonrest.GreetingRibbonRestApplicationTests" time="0.094"/>
  <system-out><![CDATA[11:00:49.092 [Test worker] DEBUG org.springframework.test.context.junit4.SpringJUnit4ClassRunner - SpringJUnit4ClassRunner constructor called with [class com.example.greetingribbonrest.GreetingRibbonRestApplicationTests]
11:00:49.097 [Test worker] DEBUG org.springframework.test.context.BootstrapUtils - Instantiating CacheAwareContextLoaderDelegate from class [org.springframework.test.context.cache.DefaultCacheAwareContextLoaderDelegate]
11:00:49.103 [Test worker] DEBUG org.springframework.test.context.BootstrapUtils - Instantiating BootstrapContext using constructor [public org.springframework.test.context.support.DefaultBootstrapContext(java.lang.Class,org.springframework.test.context.CacheAwareContextLoaderDelegate)]
11:00:49.116 [Test worker] DEBUG org.springframework.test.context.BootstrapUtils - Instantiating TestContextBootstrapper for test class [com.example.greetingribbonrest.GreetingRibbonRestApplicationTests] from class [org.springframework.boot.test.context.SpringBootTestContextBootstrapper]
11:00:49.123 [Test worker] INFO org.springframework.boot.test.context.SpringBootTestContextBootstrapper - Neither @ContextConfiguration nor @ContextHierarchy found for test class [com.example.greetingribbonrest.GreetingRibbonRestApplicationTests], using SpringBootContextLoader
11:00:49.125 [Test worker] DEBUG org.springframework.test.context.support.AbstractContextLoader - Did not detect default resource location for test class [com.example.greetingribbonrest.GreetingRibbonRestApplicationTests]: class path resource [com/example/greetingribbonrest/GreetingRibbonRestApplicationTests-context.xml] does not exist
11:00:49.125 [Test worker] DEBUG org.springframework.test.context.support.AbstractContextLoader - Did not detect default resource location for test class [com.example.greetingribbonrest.GreetingRibbonRestApplicationTests]: class path resource [com/example/greetingribbonrest/GreetingRibbonRestApplicationTestsContext.groovy] does not exist
11:00:49.125 [Test worker] INFO org.springframework.test.context.support.AbstractContextLoader - Could not detect default resource locations for test class [com.example.greetingribbonrest.GreetingRibbonRestApplicationTests]: no resource found for suffixes {-context.xml, Context.groovy}.
11:00:49.126 [Test worker] INFO org.springframework.test.context.support.AnnotationConfigContextLoaderUtils - Could not detect default configuration classes for test class [com.example.greetingribbonrest.GreetingRibbonRestApplicationTests]: GreetingRibbonRestApplicationTests does not declare any static, non-private, non-final, nested classes annotated with @Configuration.
11:00:49.151 [Test worker] DEBUG org.springframework.test.context.support.ActiveProfilesUtils - Could not find an 'annotation declaring class' for annotation type [org.springframework.test.context.ActiveProfiles] and class [com.example.greetingribbonrest.GreetingRibbonRestApplicationTests]
11:00:49.196 [Test worker] DEBUG org.springframework.context.annotation.ClassPathScanningCandidateComponentProvider - Identified candidate component class: file [/home/cdelabs/workspace/spring-cloud-pleasedontdelete/greeting-ribbon-rest/build/classes/java/main/com/example/greetingribbonrest/GreetingRibbonRestApplication.class]
11:00:49.197 [Test worker] INFO org.springframework.boot.test.context.SpringBootTestContextBootstrapper - Found @SpringBootConfiguration com.example.greetingribbonrest.GreetingRibbonRestApplication for test class com.example.greetingribbonrest.GreetingRibbonRestApplicationTests
11:00:49.279 [Test worker] DEBUG org.springframework.boot.test.context.SpringBootTestContextBootstrapper - @TestExecutionListeners is not present for class [com.example.greetingribbonrest.GreetingRibbonRestApplicationTests]: using defaults.
11:00:49.279 [Test worker] INFO org.springframework.boot.test.context.SpringBootTestContextBootstrapper - Loaded default TestExecutionListener class names from location [META-INF/spring.factories]: [org.springframework.boot.test.autoconfigure.restdocs.RestDocsTestExecutionListener, org.springframework.boot.test.autoconfigure.web.client.MockRestServiceServerResetTestExecutionListener, org.springframework.boot.test.autoconfigure.web.servlet.MockMvcPrintOnlyOnFailureTestExecutionListener, org.springframework.boot.test.autoconfigure.web.servlet.WebDriverTestExecutionListener, org.springframework.boot.test.mock.mockito.MockitoTestExecutionListener, org.springframework.boot.test.mock.mockito.ResetMocksTestExecutionListener, org.springframework.test.context.web.ServletTestExecutionListener, org.springframework.test.context.support.DirtiesContextBeforeModesTestExecutionListener, org.springframework.test.context.support.DependencyInjectionTestExecutionListener, org.springframework.test.context.support.DirtiesContextTestExecutionListener, org.springframework.test.context.transaction.TransactionalTestExecutionListener, org.springframework.test.context.jdbc.SqlScriptsTestExecutionListener]
11:00:49.285 [Test worker] DEBUG org.springframework.boot.test.context.SpringBootTestContextBootstrapper - Skipping candidate TestExecutionListener [org.springframework.test.context.transaction.TransactionalTestExecutionListener] due to a missing dependency. Specify custom listener classes or make the default listener classes and their required dependencies available. Offending class: [org/springframework/transaction/TransactionDefinition]
11:00:49.285 [Test worker] DEBUG org.springframework.boot.test.context.SpringBootTestContextBootstrapper - Skipping candidate TestExecutionListener [org.springframework.test.context.jdbc.SqlScriptsTestExecutionListener] due to a missing dependency. Specify custom listener classes or make the default listener classes and their required dependencies available. Offending class: [org/springframework/transaction/interceptor/TransactionAttribute]
11:00:49.285 [Test worker] INFO org.springframework.boot.test.context.SpringBootTestContextBootstrapper - Using TestExecutionListeners: [org.springframework.test.context.web.ServletTestExecutionListener@13196ece, org.springframework.test.context.support.DirtiesContextBeforeModesTestExecutionListener@7d30e727, org.springframework.boot.test.mock.mockito.MockitoTestExecutionListener@51ed8e40, org.springframework.boot.test.autoconfigure.SpringBootDependencyInjectionTestExecutionListener@64ef71af, org.springframework.test.context.support.DirtiesContextTestExecutionListener@3c580ce2, org.springframework.boot.test.autoconfigure.restdocs.RestDocsTestExecutionListener@46abcd91, org.springframework.boot.test.autoconfigure.web.client.MockRestServiceServerResetTestExecutionListener@7b89d48a, org.springframework.boot.test.autoconfigure.web.servlet.MockMvcPrintOnlyOnFailureTestExecutionListener@64f4a05d, org.springframework.boot.test.autoconfigure.web.servlet.WebDriverTestExecutionListener@18b79f3d, org.springframework.boot.test.mock.mockito.ResetMocksTestExecutionListener@680eff]
11:00:49.287 [Test worker] DEBUG org.springframework.test.annotation.ProfileValueUtils - Retrieved @ProfileValueSourceConfiguration [null] for test class [com.example.greetingribbonrest.GreetingRibbonRestApplicationTests]
11:00:49.287 [Test worker] DEBUG org.springframework.test.annotation.ProfileValueUtils - Retrieved ProfileValueSource type [class org.springframework.test.annotation.SystemProfileValueSource] for class [com.example.greetingribbonrest.GreetingRibbonRestApplicationTests]
11:00:49.288 [Test worker] DEBUG org.springframework.test.annotation.ProfileValueUtils - Retrieved @ProfileValueSourceConfiguration [null] for test class [com.example.greetingribbonrest.GreetingRibbonRestApplicationTests]
11:00:49.288 [Test worker] DEBUG org.springframework.test.annotation.ProfileValueUtils - Retrieved ProfileValueSource type [class org.springframework.test.annotation.SystemProfileValueSource] for class [com.example.greetingribbonrest.GreetingRibbonRestApplicationTests]
11:00:49.290 [Test worker] DEBUG org.springframework.test.context.support.AbstractDirtiesContextTestExecutionListener - Before test class: context [DefaultTestContext@6d3d7709 testClass = GreetingRibbonRestApplicationTests, testInstance = [null], testMethod = [null], testException = [null], mergedContextConfiguration = [WebMergedContextConfiguration@20ca2bf testClass = GreetingRibbonRestApplicationTests, locations = '{}', classes = '{class com.example.greetingribbonrest.GreetingRibbonRestApplication}', contextInitializerClasses = '[]', activeProfiles = '{}', propertySourceLocations = '{}', propertySourceProperties = '{org.springframework.boot.test.context.SpringBootTestContextBootstrapper=true}', contextCustomizers = set[org.springframework.boot.test.autoconfigure.properties.PropertyMappingContextCustomizer@0, org.springframework.boot.test.autoconfigure.web.servlet.WebDriverContextCustomizerFactory$Customizer@2d53be51, org.springframework.boot.test.context.filter.ExcludeFilterContextCustomizer@799b2fd8, org.springframework.boot.test.json.DuplicateJsonObjectContextCustomizerFactory$DuplicateJsonObjectContextCustomizer@39eabfab, org.springframework.boot.test.mock.mockito.MockitoContextCustomizer@0, org.springframework.boot.test.web.client.TestRestTemplateContextCustomizer@55e7ac9], resourceBasePath = 'src/main/webapp', contextLoader = 'org.springframework.boot.test.context.SpringBootContextLoader', parent = [null]], attributes = map['org.springframework.test.context.web.ServletTestExecutionListener.activateListener' -> true]], class annotated with @DirtiesContext [false] with mode [null].
11:00:49.291 [Test worker] DEBUG org.springframework.test.annotation.ProfileValueUtils - Retrieved @ProfileValueSourceConfiguration [null] for test class [com.example.greetingribbonrest.GreetingRibbonRestApplicationTests]
11:00:49.291 [Test worker] DEBUG org.springframework.test.annotation.ProfileValueUtils - Retrieved ProfileValueSource type [class org.springframework.test.annotation.SystemProfileValueSource] for class [com.example.greetingribbonrest.GreetingRibbonRestApplicationTests]
11:00:49.307 [Test worker] DEBUG org.springframework.test.context.support.TestPropertySourceUtils - Adding inlined properties to environment: {spring.jmx.enabled=false, org.springframework.boot.test.context.SpringBootTestContextBootstrapper=true, server.port=-1}
2019-02-11 11:00:49.991  INFO 4784 --- [    Test worker] trationDelegate$BeanPostProcessorChecker : Bean 'org.springframework.cloud.autoconfigure.ConfigurationPropertiesRebinderAutoConfiguration' of type [org.springframework.cloud.autoconfigure.ConfigurationPropertiesRebinderAutoConfiguration$$EnhancerBySpringCGLIB$$bd6f6701] is not eligible for getting processed by all BeanPostProcessors (for example: not eligible for auto-proxying)

  .   ____          _            __ _ _
 /\\ / ___'_ __ _ _(_)_ __  __ _ \ \ \ \
( ( )\___ | '_ | '_| | '_ \/ _` | \ \ \ \
 \\/  ___)| |_)| | | | | || (_| |  ) ) ) )
  '  |____| .__|_| |_|_| |_\__, | / / / /
 =========|_|==============|___/=/_/_/_/
 :: Spring Boot ::        (v2.1.2.RELEASE)

2019-02-11 11:00:50.095  INFO 4784 --- [    Test worker] c.c.c.ConfigServicePropertySourceLocator : Fetching config from server at : http://localhost:8888
2019-02-11 11:00:50.541  INFO 4784 --- [    Test worker] c.c.c.ConfigServicePropertySourceLocator : Located environment: name=greeting-ribbon-rest, profiles=[default], label=null, version=c2bae9c753dd2f60012559251fbb923ba9bcd5f2, state=null
2019-02-11 11:00:50.543  INFO 4784 --- [    Test worker] b.c.PropertySourceBootstrapConfiguration : Located property source: CompositePropertySource {name='configService', propertySources=[MapPropertySource {name='configClient'}, MapPropertySource {name='https://github.com/madhoob00123/app-config.git/application.yml'}]}
2019-02-11 11:00:50.606  INFO 4784 --- [    Test worker] c.e.g.GreetingRibbonRestApplicationTests : No active profile set, falling back to default profiles: default
2019-02-11 11:00:51.240  WARN 4784 --- [    Test worker] o.s.boot.actuate.endpoint.EndpointId     : Endpoint ID 'service-registry' contains invalid characters, please migrate to a valid format.
2019-02-11 11:00:51.430  INFO 4784 --- [    Test worker] o.s.cloud.context.scope.GenericScope     : BeanFactory id=4af073bc-4989-35ac-8acb-d4e3b1106ac4
2019-02-11 11:00:51.540  INFO 4784 --- [    Test worker] trationDelegate$BeanPostProcessorChecker : Bean 'org.springframework.cloud.autoconfigure.ConfigurationPropertiesRebinderAutoConfiguration' of type [org.springframework.cloud.autoconfigure.ConfigurationPropertiesRebinderAutoConfiguration$$EnhancerBySpringCGLIB$$bd6f6701] is not eligible for getting processed by all BeanPostProcessors (for example: not eligible for auto-proxying)
2019-02-11 11:00:51.771  WARN 4784 --- [    Test worker] c.n.c.sources.URLConfigurationSource     : No URLs will be polled as dynamic configuration sources.
2019-02-11 11:00:51.772  INFO 4784 --- [    Test worker] c.n.c.sources.URLConfigurationSource     : To enable URLs as dynamic configuration sources, define System property archaius.configurationSource.additionalUrls or make config.properties available on classpath.
2019-02-11 11:00:51.776  WARN 4784 --- [    Test worker] c.n.c.sources.URLConfigurationSource     : No URLs will be polled as dynamic configuration sources.
2019-02-11 11:00:51.776  INFO 4784 --- [    Test worker] c.n.c.sources.URLConfigurationSource     : To enable URLs as dynamic configuration sources, define System property archaius.configurationSource.additionalUrls or make config.properties available on classpath.
2019-02-11 11:00:52.197  INFO 4784 --- [    Test worker] o.s.s.concurrent.ThreadPoolTaskExecutor  : Initializing ExecutorService 'applicationTaskExecutor'
2019-02-11 11:00:53.264  INFO 4784 --- [    Test worker] .s.s.UserDetailsServiceAutoConfiguration : 

Using generated security password: 4719a033-5f31-4eda-a2ee-065edf90cf90

2019-02-11 11:00:53.418  INFO 4784 --- [    Test worker] o.s.s.web.DefaultSecurityFilterChain     : Creating filter chain: any request, [org.springframework.security.web.context.request.async.WebAsyncManagerIntegrationFilter@2de3778d, org.springframework.security.web.context.SecurityContextPersistenceFilter@541c5dff, org.springframework.security.web.header.HeaderWriterFilter@151bbab9, org.springframework.security.web.csrf.CsrfFilter@c483224, org.springframework.security.web.authentication.logout.LogoutFilter@c12a785, org.springframework.security.web.authentication.UsernamePasswordAuthenticationFilter@495187f9, org.springframework.security.web.authentication.ui.DefaultLoginPageGeneratingFilter@26db0489, org.springframework.security.web.authentication.ui.DefaultLogoutPageGeneratingFilter@3e1fc332, org.springframework.security.web.authentication.www.BasicAuthenticationFilter@64918406, org.springframework.security.web.savedrequest.RequestCacheAwareFilter@3c432a5, org.springframework.security.web.servletapi.SecurityContextHolderAwareRequestFilter@469f0743, org.springframework.security.web.authentication.AnonymousAuthenticationFilter@28e98ddb, org.springframework.security.web.session.SessionManagementFilter@330b3880, org.springframework.security.web.access.ExceptionTranslationFilter@189cf9c7, org.springframework.security.web.access.intercept.FilterSecurityInterceptor@744fc1f4]
2019-02-11 11:00:53.533  INFO 4784 --- [    Test worker] o.s.b.a.e.web.EndpointLinksResolver      : Exposing 2 endpoint(s) beneath base path '/actuator'
2019-02-11 11:00:53.751  INFO 4784 --- [    Test worker] c.e.g.GreetingRibbonRestApplicationTests : Started GreetingRibbonRestApplicationTests in 4.439 seconds (JVM running for 5.098)
]]></system-out>
  <system-err><![CDATA[]]></system-err>
</testsuite>
