<?xml version="1.0" encoding="UTF-8"?>
<testsuite name="com.example.fortuneservice.FortuneServiceApplicationTests" tests="1" skipped="0" failures="0" errors="0" timestamp="2019-02-08T18:02:38" hostname="cdelabs" time="0.568">
  <properties/>
  <testcase name="contextLoads" classname="com.example.fortuneservice.FortuneServiceApplicationTests" time="0.568"/>
  <system-out><![CDATA[12:02:25.738 [Test worker] DEBUG org.springframework.test.context.junit4.SpringJUnit4ClassRunner - SpringJUnit4ClassRunner constructor called with [class com.example.fortuneservice.FortuneServiceApplicationTests]
12:02:25.751 [Test worker] DEBUG org.springframework.test.context.BootstrapUtils - Instantiating CacheAwareContextLoaderDelegate from class [org.springframework.test.context.cache.DefaultCacheAwareContextLoaderDelegate]
12:02:25.787 [Test worker] DEBUG org.springframework.test.context.BootstrapUtils - Instantiating BootstrapContext using constructor [public org.springframework.test.context.support.DefaultBootstrapContext(java.lang.Class,org.springframework.test.context.CacheAwareContextLoaderDelegate)]
12:02:25.808 [Test worker] DEBUG org.springframework.test.context.BootstrapUtils - Instantiating TestContextBootstrapper for test class [com.example.fortuneservice.FortuneServiceApplicationTests] from class [org.springframework.boot.test.context.SpringBootTestContextBootstrapper]
12:02:25.839 [Test worker] INFO org.springframework.boot.test.context.SpringBootTestContextBootstrapper - Neither @ContextConfiguration nor @ContextHierarchy found for test class [com.example.fortuneservice.FortuneServiceApplicationTests], using SpringBootContextLoader
12:02:25.843 [Test worker] DEBUG org.springframework.test.context.support.AbstractContextLoader - Did not detect default resource location for test class [com.example.fortuneservice.FortuneServiceApplicationTests]: class path resource [com/example/fortuneservice/FortuneServiceApplicationTests-context.xml] does not exist
12:02:25.844 [Test worker] DEBUG org.springframework.test.context.support.AbstractContextLoader - Did not detect default resource location for test class [com.example.fortuneservice.FortuneServiceApplicationTests]: class path resource [com/example/fortuneservice/FortuneServiceApplicationTestsContext.groovy] does not exist
12:02:25.844 [Test worker] INFO org.springframework.test.context.support.AbstractContextLoader - Could not detect default resource locations for test class [com.example.fortuneservice.FortuneServiceApplicationTests]: no resource found for suffixes {-context.xml, Context.groovy}.
12:02:25.845 [Test worker] INFO org.springframework.test.context.support.AnnotationConfigContextLoaderUtils - Could not detect default configuration classes for test class [com.example.fortuneservice.FortuneServiceApplicationTests]: FortuneServiceApplicationTests does not declare any static, non-private, non-final, nested classes annotated with @Configuration.
12:02:25.956 [Test worker] DEBUG org.springframework.test.context.support.ActiveProfilesUtils - Could not find an 'annotation declaring class' for annotation type [org.springframework.test.context.ActiveProfiles] and class [com.example.fortuneservice.FortuneServiceApplicationTests]
12:02:26.061 [Test worker] DEBUG org.springframework.context.annotation.ClassPathScanningCandidateComponentProvider - Identified candidate component class: file [/home/cdelabs/workspace/spring-cloud/fortune-service/build/classes/java/main/com/example/fortuneservice/FortuneServiceApplication.class]
12:02:26.062 [Test worker] INFO org.springframework.boot.test.context.SpringBootTestContextBootstrapper - Found @SpringBootConfiguration com.example.fortuneservice.FortuneServiceApplication for test class com.example.fortuneservice.FortuneServiceApplicationTests
12:02:26.263 [Test worker] DEBUG org.springframework.boot.test.context.SpringBootTestContextBootstrapper - @TestExecutionListeners is not present for class [com.example.fortuneservice.FortuneServiceApplicationTests]: using defaults.
12:02:26.263 [Test worker] INFO org.springframework.boot.test.context.SpringBootTestContextBootstrapper - Loaded default TestExecutionListener class names from location [META-INF/spring.factories]: [org.springframework.boot.test.autoconfigure.restdocs.RestDocsTestExecutionListener, org.springframework.boot.test.autoconfigure.web.client.MockRestServiceServerResetTestExecutionListener, org.springframework.boot.test.autoconfigure.web.servlet.MockMvcPrintOnlyOnFailureTestExecutionListener, org.springframework.boot.test.autoconfigure.web.servlet.WebDriverTestExecutionListener, org.springframework.boot.test.mock.mockito.MockitoTestExecutionListener, org.springframework.boot.test.mock.mockito.ResetMocksTestExecutionListener, org.springframework.test.context.web.ServletTestExecutionListener, org.springframework.test.context.support.DirtiesContextBeforeModesTestExecutionListener, org.springframework.test.context.support.DependencyInjectionTestExecutionListener, org.springframework.test.context.support.DirtiesContextTestExecutionListener, org.springframework.test.context.transaction.TransactionalTestExecutionListener, org.springframework.test.context.jdbc.SqlScriptsTestExecutionListener]
12:02:26.278 [Test worker] DEBUG org.springframework.boot.test.context.SpringBootTestContextBootstrapper - Skipping candidate TestExecutionListener [org.springframework.test.context.transaction.TransactionalTestExecutionListener] due to a missing dependency. Specify custom listener classes or make the default listener classes and their required dependencies available. Offending class: [org/springframework/transaction/TransactionDefinition]
12:02:26.279 [Test worker] DEBUG org.springframework.boot.test.context.SpringBootTestContextBootstrapper - Skipping candidate TestExecutionListener [org.springframework.test.context.jdbc.SqlScriptsTestExecutionListener] due to a missing dependency. Specify custom listener classes or make the default listener classes and their required dependencies available. Offending class: [org/springframework/transaction/interceptor/TransactionAttribute]
12:02:26.280 [Test worker] INFO org.springframework.boot.test.context.SpringBootTestContextBootstrapper - Using TestExecutionListeners: [org.springframework.test.context.web.ServletTestExecutionListener@5ebdfe8b, org.springframework.test.context.support.DirtiesContextBeforeModesTestExecutionListener@6fe65362, org.springframework.boot.test.mock.mockito.MockitoTestExecutionListener@7c1d878c, org.springframework.boot.test.autoconfigure.SpringBootDependencyInjectionTestExecutionListener@1d90543b, org.springframework.test.context.support.DirtiesContextTestExecutionListener@2ce8a8a4, org.springframework.boot.test.autoconfigure.restdocs.RestDocsTestExecutionListener@71c88318, org.springframework.boot.test.autoconfigure.web.client.MockRestServiceServerResetTestExecutionListener@61795b4a, org.springframework.boot.test.autoconfigure.web.servlet.MockMvcPrintOnlyOnFailureTestExecutionListener@7e57ead2, org.springframework.boot.test.autoconfigure.web.servlet.WebDriverTestExecutionListener@1713c034, org.springframework.boot.test.mock.mockito.ResetMocksTestExecutionListener@2276418d]
12:02:26.283 [Test worker] DEBUG org.springframework.test.annotation.ProfileValueUtils - Retrieved @ProfileValueSourceConfiguration [null] for test class [com.example.fortuneservice.FortuneServiceApplicationTests]
12:02:26.284 [Test worker] DEBUG org.springframework.test.annotation.ProfileValueUtils - Retrieved ProfileValueSource type [class org.springframework.test.annotation.SystemProfileValueSource] for class [com.example.fortuneservice.FortuneServiceApplicationTests]
12:02:26.285 [Test worker] DEBUG org.springframework.test.annotation.ProfileValueUtils - Retrieved @ProfileValueSourceConfiguration [null] for test class [com.example.fortuneservice.FortuneServiceApplicationTests]
12:02:26.285 [Test worker] DEBUG org.springframework.test.annotation.ProfileValueUtils - Retrieved ProfileValueSource type [class org.springframework.test.annotation.SystemProfileValueSource] for class [com.example.fortuneservice.FortuneServiceApplicationTests]
12:02:26.288 [Test worker] DEBUG org.springframework.test.context.support.AbstractDirtiesContextTestExecutionListener - Before test class: context [DefaultTestContext@2b518f20 testClass = FortuneServiceApplicationTests, testInstance = [null], testMethod = [null], testException = [null], mergedContextConfiguration = [WebMergedContextConfiguration@1549ac02 testClass = FortuneServiceApplicationTests, locations = '{}', classes = '{class com.example.fortuneservice.FortuneServiceApplication}', contextInitializerClasses = '[]', activeProfiles = '{}', propertySourceLocations = '{}', propertySourceProperties = '{org.springframework.boot.test.context.SpringBootTestContextBootstrapper=true}', contextCustomizers = set[org.springframework.boot.test.autoconfigure.properties.PropertyMappingContextCustomizer@0, org.springframework.boot.test.autoconfigure.web.servlet.WebDriverContextCustomizerFactory$Customizer@2d53be51, org.springframework.boot.test.context.filter.ExcludeFilterContextCustomizer@799b2fd8, org.springframework.boot.test.json.DuplicateJsonObjectContextCustomizerFactory$DuplicateJsonObjectContextCustomizer@39eabfab, org.springframework.boot.test.mock.mockito.MockitoContextCustomizer@0, org.springframework.boot.test.web.client.TestRestTemplateContextCustomizer@55e7ac9], resourceBasePath = 'src/main/webapp', contextLoader = 'org.springframework.boot.test.context.SpringBootContextLoader', parent = [null]], attributes = map['org.springframework.test.context.web.ServletTestExecutionListener.activateListener' -> true]], class annotated with @DirtiesContext [false] with mode [null].
12:02:26.289 [Test worker] DEBUG org.springframework.test.annotation.ProfileValueUtils - Retrieved @ProfileValueSourceConfiguration [null] for test class [com.example.fortuneservice.FortuneServiceApplicationTests]
12:02:26.289 [Test worker] DEBUG org.springframework.test.annotation.ProfileValueUtils - Retrieved ProfileValueSource type [class org.springframework.test.annotation.SystemProfileValueSource] for class [com.example.fortuneservice.FortuneServiceApplicationTests]
12:02:26.310 [Test worker] DEBUG org.springframework.test.context.support.TestPropertySourceUtils - Adding inlined properties to environment: {spring.jmx.enabled=false, org.springframework.boot.test.context.SpringBootTestContextBootstrapper=true, server.port=-1}
2019-02-08 12:02:28.281  INFO 2734 --- [    Test worker] trationDelegate$BeanPostProcessorChecker : Bean 'org.springframework.cloud.autoconfigure.ConfigurationPropertiesRebinderAutoConfiguration' of type [org.springframework.cloud.autoconfigure.ConfigurationPropertiesRebinderAutoConfiguration$$EnhancerBySpringCGLIB$$f723b020] is not eligible for getting processed by all BeanPostProcessors (for example: not eligible for auto-proxying)

  .   ____          _            __ _ _
 /\\ / ___'_ __ _ _(_)_ __  __ _ \ \ \ \
( ( )\___ | '_ | '_| | '_ \/ _` | \ \ \ \
 \\/  ___)| |_)| | | | | || (_| |  ) ) ) )
  '  |____| .__|_| |_|_| |_\__, | / / / /
 =========|_|==============|___/=/_/_/_/
 :: Spring Boot ::        (v2.1.2.RELEASE)

2019-02-08 12:02:28.530  INFO 2734 --- [    Test worker] c.c.c.ConfigServicePropertySourceLocator : Fetching config from server at : http://localhost:8888
2019-02-08 12:02:28.738  INFO 2734 --- [    Test worker] c.c.c.ConfigServicePropertySourceLocator : Connect Timeout Exception on Url - http://localhost:8888. Will be trying the next url if available
2019-02-08 12:02:28.739  WARN 2734 --- [    Test worker] c.c.c.ConfigServicePropertySourceLocator : Could not locate PropertySource: I/O error on GET request for "http://localhost:8888/fortune-service/default": Connection refused (Connection refused); nested exception is java.net.ConnectException: Connection refused (Connection refused)
2019-02-08 12:02:28.768  INFO 2734 --- [    Test worker] c.e.f.FortuneServiceApplicationTests     : No active profile set, falling back to default profiles: default
2019-02-08 12:02:31.504  WARN 2734 --- [    Test worker] o.s.boot.actuate.endpoint.EndpointId     : Endpoint ID 'service-registry' contains invalid characters, please migrate to a valid format.
2019-02-08 12:02:32.312  INFO 2734 --- [    Test worker] o.s.cloud.context.scope.GenericScope     : BeanFactory id=c5736d2a-dd2d-32ca-a994-4b2f917ce607
2019-02-08 12:02:32.698  INFO 2734 --- [    Test worker] trationDelegate$BeanPostProcessorChecker : Bean 'org.springframework.cloud.autoconfigure.ConfigurationPropertiesRebinderAutoConfiguration' of type [org.springframework.cloud.autoconfigure.ConfigurationPropertiesRebinderAutoConfiguration$$EnhancerBySpringCGLIB$$f723b020] is not eligible for getting processed by all BeanPostProcessors (for example: not eligible for auto-proxying)
2019-02-08 12:02:33.475  WARN 2734 --- [    Test worker] c.n.c.sources.URLConfigurationSource     : No URLs will be polled as dynamic configuration sources.
2019-02-08 12:02:33.476  INFO 2734 --- [    Test worker] c.n.c.sources.URLConfigurationSource     : To enable URLs as dynamic configuration sources, define System property archaius.configurationSource.additionalUrls or make config.properties available on classpath.
2019-02-08 12:02:33.488  WARN 2734 --- [    Test worker] c.n.c.sources.URLConfigurationSource     : No URLs will be polled as dynamic configuration sources.
2019-02-08 12:02:33.488  INFO 2734 --- [    Test worker] c.n.c.sources.URLConfigurationSource     : To enable URLs as dynamic configuration sources, define System property archaius.configurationSource.additionalUrls or make config.properties available on classpath.
2019-02-08 12:02:34.436  INFO 2734 --- [    Test worker] o.s.s.concurrent.ThreadPoolTaskExecutor  : Initializing ExecutorService 'applicationTaskExecutor'
2019-02-08 12:02:37.004  INFO 2734 --- [    Test worker] .s.s.UserDetailsServiceAutoConfiguration : 

Using generated security password: 206d62da-0cd7-4744-a3e2-dec31925e706

2019-02-08 12:02:37.487  INFO 2734 --- [    Test worker] o.s.s.web.DefaultSecurityFilterChain     : Creating filter chain: any request, [org.springframework.security.web.context.request.async.WebAsyncManagerIntegrationFilter@189cf9c7, org.springframework.security.web.context.SecurityContextPersistenceFilter@4050c5e3, org.springframework.security.web.header.HeaderWriterFilter@7f53d16e, org.springframework.security.web.csrf.CsrfFilter@3f849bfb, org.springframework.security.web.authentication.logout.LogoutFilter@7cd43e93, org.springframework.security.web.authentication.UsernamePasswordAuthenticationFilter@212f83aa, org.springframework.security.web.authentication.ui.DefaultLoginPageGeneratingFilter@3817e49c, org.springframework.security.web.authentication.ui.DefaultLogoutPageGeneratingFilter@52316aa0, org.springframework.security.web.authentication.www.BasicAuthenticationFilter@becf06d, org.springframework.security.web.savedrequest.RequestCacheAwareFilter@685d3d06, org.springframework.security.web.servletapi.SecurityContextHolderAwareRequestFilter@337f8bef, org.springframework.security.web.authentication.AnonymousAuthenticationFilter@198daba1, org.springframework.security.web.session.SessionManagementFilter@3cc18812, org.springframework.security.web.access.ExceptionTranslationFilter@38475c77, org.springframework.security.web.access.intercept.FilterSecurityInterceptor@699b13ab]
2019-02-08 12:02:37.784  INFO 2734 --- [    Test worker] o.s.b.a.e.web.EndpointLinksResolver      : Exposing 2 endpoint(s) beneath base path '/actuator'
2019-02-08 12:02:38.457  INFO 2734 --- [    Test worker] c.e.f.FortuneServiceApplicationTests     : Started FortuneServiceApplicationTests in 12.13 seconds (JVM running for 13.599)
]]></system-out>
  <system-err><![CDATA[]]></system-err>
</testsuite>
