<?xml version="1.0" encoding="UTF-8"?>
<testsuite name="com.example.serviceregistry.ServiceRegistryApplicationTests" tests="1" skipped="0" failures="0" errors="0" timestamp="2019-02-08T17:19:51" hostname="cdelabs" time="0.837">
  <properties/>
  <testcase name="contextLoads" classname="com.example.serviceregistry.ServiceRegistryApplicationTests" time="0.837"/>
  <system-out><![CDATA[11:19:39.658 [Test worker] DEBUG org.springframework.test.context.junit4.SpringJUnit4ClassRunner - SpringJUnit4ClassRunner constructor called with [class com.example.serviceregistry.ServiceRegistryApplicationTests]
11:19:39.663 [Test worker] DEBUG org.springframework.test.context.BootstrapUtils - Instantiating CacheAwareContextLoaderDelegate from class [org.springframework.test.context.cache.DefaultCacheAwareContextLoaderDelegate]
11:19:39.708 [Test worker] DEBUG org.springframework.test.context.BootstrapUtils - Instantiating BootstrapContext using constructor [public org.springframework.test.context.support.DefaultBootstrapContext(java.lang.Class,org.springframework.test.context.CacheAwareContextLoaderDelegate)]
11:19:39.725 [Test worker] DEBUG org.springframework.test.context.BootstrapUtils - Instantiating TestContextBootstrapper for test class [com.example.serviceregistry.ServiceRegistryApplicationTests] from class [org.springframework.boot.test.context.SpringBootTestContextBootstrapper]
11:19:39.744 [Test worker] INFO org.springframework.boot.test.context.SpringBootTestContextBootstrapper - Neither @ContextConfiguration nor @ContextHierarchy found for test class [com.example.serviceregistry.ServiceRegistryApplicationTests], using SpringBootContextLoader
11:19:39.748 [Test worker] DEBUG org.springframework.test.context.support.AbstractContextLoader - Did not detect default resource location for test class [com.example.serviceregistry.ServiceRegistryApplicationTests]: class path resource [com/example/serviceregistry/ServiceRegistryApplicationTests-context.xml] does not exist
11:19:39.748 [Test worker] DEBUG org.springframework.test.context.support.AbstractContextLoader - Did not detect default resource location for test class [com.example.serviceregistry.ServiceRegistryApplicationTests]: class path resource [com/example/serviceregistry/ServiceRegistryApplicationTestsContext.groovy] does not exist
11:19:39.749 [Test worker] INFO org.springframework.test.context.support.AbstractContextLoader - Could not detect default resource locations for test class [com.example.serviceregistry.ServiceRegistryApplicationTests]: no resource found for suffixes {-context.xml, Context.groovy}.
11:19:39.749 [Test worker] INFO org.springframework.test.context.support.AnnotationConfigContextLoaderUtils - Could not detect default configuration classes for test class [com.example.serviceregistry.ServiceRegistryApplicationTests]: ServiceRegistryApplicationTests does not declare any static, non-private, non-final, nested classes annotated with @Configuration.
11:19:39.810 [Test worker] DEBUG org.springframework.test.context.support.ActiveProfilesUtils - Could not find an 'annotation declaring class' for annotation type [org.springframework.test.context.ActiveProfiles] and class [com.example.serviceregistry.ServiceRegistryApplicationTests]
11:19:39.933 [Test worker] DEBUG org.springframework.context.annotation.ClassPathScanningCandidateComponentProvider - Identified candidate component class: file [/home/cdelabs/workspace/spring-cloud/service-registry/build/classes/java/main/com/example/serviceregistry/ServiceRegistryApplication.class]
11:19:39.935 [Test worker] INFO org.springframework.boot.test.context.SpringBootTestContextBootstrapper - Found @SpringBootConfiguration com.example.serviceregistry.ServiceRegistryApplication for test class com.example.serviceregistry.ServiceRegistryApplicationTests
11:19:40.100 [Test worker] DEBUG org.springframework.boot.test.context.SpringBootTestContextBootstrapper - @TestExecutionListeners is not present for class [com.example.serviceregistry.ServiceRegistryApplicationTests]: using defaults.
11:19:40.101 [Test worker] INFO org.springframework.boot.test.context.SpringBootTestContextBootstrapper - Loaded default TestExecutionListener class names from location [META-INF/spring.factories]: [org.springframework.boot.test.autoconfigure.restdocs.RestDocsTestExecutionListener, org.springframework.boot.test.autoconfigure.web.client.MockRestServiceServerResetTestExecutionListener, org.springframework.boot.test.autoconfigure.web.servlet.MockMvcPrintOnlyOnFailureTestExecutionListener, org.springframework.boot.test.autoconfigure.web.servlet.WebDriverTestExecutionListener, org.springframework.boot.test.mock.mockito.MockitoTestExecutionListener, org.springframework.boot.test.mock.mockito.ResetMocksTestExecutionListener, org.springframework.test.context.web.ServletTestExecutionListener, org.springframework.test.context.support.DirtiesContextBeforeModesTestExecutionListener, org.springframework.test.context.support.DependencyInjectionTestExecutionListener, org.springframework.test.context.support.DirtiesContextTestExecutionListener, org.springframework.test.context.transaction.TransactionalTestExecutionListener, org.springframework.test.context.jdbc.SqlScriptsTestExecutionListener]
11:19:40.131 [Test worker] DEBUG org.springframework.boot.test.context.SpringBootTestContextBootstrapper - Skipping candidate TestExecutionListener [org.springframework.test.context.transaction.TransactionalTestExecutionListener] due to a missing dependency. Specify custom listener classes or make the default listener classes and their required dependencies available. Offending class: [org/springframework/transaction/TransactionDefinition]
11:19:40.132 [Test worker] DEBUG org.springframework.boot.test.context.SpringBootTestContextBootstrapper - Skipping candidate TestExecutionListener [org.springframework.test.context.jdbc.SqlScriptsTestExecutionListener] due to a missing dependency. Specify custom listener classes or make the default listener classes and their required dependencies available. Offending class: [org/springframework/transaction/interceptor/TransactionAttribute]
11:19:40.132 [Test worker] INFO org.springframework.boot.test.context.SpringBootTestContextBootstrapper - Using TestExecutionListeners: [org.springframework.test.context.web.ServletTestExecutionListener@756ce48f, org.springframework.test.context.support.DirtiesContextBeforeModesTestExecutionListener@686465e0, org.springframework.boot.test.mock.mockito.MockitoTestExecutionListener@4c95ab83, org.springframework.boot.test.autoconfigure.SpringBootDependencyInjectionTestExecutionListener@2253b4bf, org.springframework.test.context.support.DirtiesContextTestExecutionListener@300964e6, org.springframework.boot.test.autoconfigure.restdocs.RestDocsTestExecutionListener@7b894c62, org.springframework.boot.test.autoconfigure.web.client.MockRestServiceServerResetTestExecutionListener@1aa12923, org.springframework.boot.test.autoconfigure.web.servlet.MockMvcPrintOnlyOnFailureTestExecutionListener@25e89084, org.springframework.boot.test.autoconfigure.web.servlet.WebDriverTestExecutionListener@5ebdfe8b, org.springframework.boot.test.mock.mockito.ResetMocksTestExecutionListener@6fe65362]
11:19:40.136 [Test worker] DEBUG org.springframework.test.annotation.ProfileValueUtils - Retrieved @ProfileValueSourceConfiguration [null] for test class [com.example.serviceregistry.ServiceRegistryApplicationTests]
11:19:40.137 [Test worker] DEBUG org.springframework.test.annotation.ProfileValueUtils - Retrieved ProfileValueSource type [class org.springframework.test.annotation.SystemProfileValueSource] for class [com.example.serviceregistry.ServiceRegistryApplicationTests]
11:19:40.139 [Test worker] DEBUG org.springframework.test.annotation.ProfileValueUtils - Retrieved @ProfileValueSourceConfiguration [null] for test class [com.example.serviceregistry.ServiceRegistryApplicationTests]
11:19:40.140 [Test worker] DEBUG org.springframework.test.annotation.ProfileValueUtils - Retrieved ProfileValueSource type [class org.springframework.test.annotation.SystemProfileValueSource] for class [com.example.serviceregistry.ServiceRegistryApplicationTests]
11:19:40.143 [Test worker] DEBUG org.springframework.test.context.support.AbstractDirtiesContextTestExecutionListener - Before test class: context [DefaultTestContext@1bf272e4 testClass = ServiceRegistryApplicationTests, testInstance = [null], testMethod = [null], testException = [null], mergedContextConfiguration = [WebMergedContextConfiguration@69792589 testClass = ServiceRegistryApplicationTests, locations = '{}', classes = '{class com.example.serviceregistry.ServiceRegistryApplication}', contextInitializerClasses = '[]', activeProfiles = '{}', propertySourceLocations = '{}', propertySourceProperties = '{org.springframework.boot.test.context.SpringBootTestContextBootstrapper=true}', contextCustomizers = set[org.springframework.boot.test.autoconfigure.properties.PropertyMappingContextCustomizer@0, org.springframework.boot.test.autoconfigure.web.servlet.WebDriverContextCustomizerFactory$Customizer@41a87ee2, org.springframework.boot.test.context.filter.ExcludeFilterContextCustomizer@2d53be51, org.springframework.boot.test.json.DuplicateJsonObjectContextCustomizerFactory$DuplicateJsonObjectContextCustomizer@58f09c21, org.springframework.boot.test.mock.mockito.MockitoContextCustomizer@0, org.springframework.boot.test.web.client.TestRestTemplateContextCustomizer@19e3b044], resourceBasePath = 'src/main/webapp', contextLoader = 'org.springframework.boot.test.context.SpringBootContextLoader', parent = [null]], attributes = map['org.springframework.test.context.web.ServletTestExecutionListener.activateListener' -> true]], class annotated with @DirtiesContext [false] with mode [null].
11:19:40.143 [Test worker] DEBUG org.springframework.test.annotation.ProfileValueUtils - Retrieved @ProfileValueSourceConfiguration [null] for test class [com.example.serviceregistry.ServiceRegistryApplicationTests]
11:19:40.143 [Test worker] DEBUG org.springframework.test.annotation.ProfileValueUtils - Retrieved ProfileValueSource type [class org.springframework.test.annotation.SystemProfileValueSource] for class [com.example.serviceregistry.ServiceRegistryApplicationTests]
11:19:40.175 [Test worker] DEBUG org.springframework.test.context.support.TestPropertySourceUtils - Adding inlined properties to environment: {spring.jmx.enabled=false, org.springframework.boot.test.context.SpringBootTestContextBootstrapper=true, server.port=-1}
2019-02-08 11:19:41.273  INFO 32506 --- [    Test worker] trationDelegate$BeanPostProcessorChecker : Bean 'org.springframework.cloud.autoconfigure.ConfigurationPropertiesRebinderAutoConfiguration' of type [org.springframework.cloud.autoconfigure.ConfigurationPropertiesRebinderAutoConfiguration$$EnhancerBySpringCGLIB$$e31f5f14] is not eligible for getting processed by all BeanPostProcessors (for example: not eligible for auto-proxying)

  .   ____          _            __ _ _
 /\\ / ___'_ __ _ _(_)_ __  __ _ \ \ \ \
( ( )\___ | '_ | '_| | '_ \/ _` | \ \ \ \
 \\/  ___)| |_)| | | | | || (_| |  ) ) ) )
  '  |____| .__|_| |_|_| |_\__, | / / / /
 =========|_|==============|___/=/_/_/_/
 :: Spring Boot ::        (v2.1.2.RELEASE)

2019-02-08 11:19:42.011  INFO 32506 --- [    Test worker] c.e.s.ServiceRegistryApplicationTests    : No active profile set, falling back to default profiles: default
2019-02-08 11:19:43.464  WARN 32506 --- [    Test worker] o.s.boot.actuate.endpoint.EndpointId     : Endpoint ID 'service-registry' contains invalid characters, please migrate to a valid format.
2019-02-08 11:19:44.079  INFO 32506 --- [    Test worker] o.s.cloud.context.scope.GenericScope     : BeanFactory id=3ba903bf-379c-30b7-8503-5bb61cd7f31d
2019-02-08 11:19:44.274  INFO 32506 --- [    Test worker] trationDelegate$BeanPostProcessorChecker : Bean 'org.springframework.cloud.autoconfigure.ConfigurationPropertiesRebinderAutoConfiguration' of type [org.springframework.cloud.autoconfigure.ConfigurationPropertiesRebinderAutoConfiguration$$EnhancerBySpringCGLIB$$e31f5f14] is not eligible for getting processed by all BeanPostProcessors (for example: not eligible for auto-proxying)
2019-02-08 11:19:44.879  WARN 32506 --- [    Test worker] o.s.c.n.a.ArchaiusAutoConfiguration      : No spring.application.name found, defaulting to 'application'
2019-02-08 11:19:44.882  WARN 32506 --- [    Test worker] c.n.c.sources.URLConfigurationSource     : No URLs will be polled as dynamic configuration sources.
2019-02-08 11:19:44.882  INFO 32506 --- [    Test worker] c.n.c.sources.URLConfigurationSource     : To enable URLs as dynamic configuration sources, define System property archaius.configurationSource.additionalUrls or make config.properties available on classpath.
2019-02-08 11:19:44.891  WARN 32506 --- [    Test worker] c.n.c.sources.URLConfigurationSource     : No URLs will be polled as dynamic configuration sources.
2019-02-08 11:19:44.892  INFO 32506 --- [    Test worker] c.n.c.sources.URLConfigurationSource     : To enable URLs as dynamic configuration sources, define System property archaius.configurationSource.additionalUrls or make config.properties available on classpath.
2019-02-08 11:19:46.210  INFO 32506 --- [    Test worker] o.s.s.concurrent.ThreadPoolTaskExecutor  : Initializing ExecutorService 'applicationTaskExecutor'
2019-02-08 11:19:49.440  INFO 32506 --- [    Test worker] o.s.c.n.eureka.InstanceInfoFactory       : Setting initial instance status as: STARTING
2019-02-08 11:19:49.507  INFO 32506 --- [    Test worker] com.netflix.discovery.DiscoveryClient    : Initializing Eureka in region us-east-1
2019-02-08 11:19:49.508  INFO 32506 --- [    Test worker] com.netflix.discovery.DiscoveryClient    : Client configured to neither register nor query for data.
2019-02-08 11:19:49.515  INFO 32506 --- [    Test worker] com.netflix.discovery.DiscoveryClient    : Discovery Client initialized at timestamp 1549646389514 with initial instances count: 0
2019-02-08 11:19:49.616  INFO 32506 --- [    Test worker] c.n.eureka.DefaultEurekaServerContext    : Initializing ...
2019-02-08 11:19:49.622  INFO 32506 --- [    Test worker] c.n.eureka.cluster.PeerEurekaNodes       : Adding new peer nodes [http://localhost:-1/eureka/]
2019-02-08 11:19:50.275  INFO 32506 --- [    Test worker] c.n.d.provider.DiscoveryJerseyProvider   : Using JSON encoding codec LegacyJacksonJson
2019-02-08 11:19:50.275  INFO 32506 --- [    Test worker] c.n.d.provider.DiscoveryJerseyProvider   : Using JSON decoding codec LegacyJacksonJson
2019-02-08 11:19:50.275  INFO 32506 --- [    Test worker] c.n.d.provider.DiscoveryJerseyProvider   : Using XML encoding codec XStreamXml
2019-02-08 11:19:50.275  INFO 32506 --- [    Test worker] c.n.d.provider.DiscoveryJerseyProvider   : Using XML decoding codec XStreamXml
2019-02-08 11:19:50.722  INFO 32506 --- [    Test worker] c.n.eureka.cluster.PeerEurekaNodes       : Replica node URL:  http://localhost:-1/eureka/
2019-02-08 11:19:50.754  INFO 32506 --- [    Test worker] c.n.e.registry.AbstractInstanceRegistry  : Finished initializing remote region registries. All known remote regions: []
2019-02-08 11:19:50.768  INFO 32506 --- [    Test worker] c.n.eureka.DefaultEurekaServerContext    : Initialized
2019-02-08 11:19:51.111  INFO 32506 --- [    Test worker] o.s.b.a.e.web.EndpointLinksResolver      : Exposing 2 endpoint(s) beneath base path '/actuator'
2019-02-08 11:19:51.481  INFO 32506 --- [      Thread-16] o.s.c.n.e.server.EurekaServerBootstrap   : Setting the eureka configuration..
2019-02-08 11:19:51.486  INFO 32506 --- [      Thread-16] o.s.c.n.e.server.EurekaServerBootstrap   : Eureka data center value eureka.datacenter is not set, defaulting to default
2019-02-08 11:19:51.487  INFO 32506 --- [      Thread-16] o.s.c.n.e.server.EurekaServerBootstrap   : Eureka environment value eureka.environment is not set, defaulting to test
2019-02-08 11:19:51.508  INFO 32506 --- [    Test worker] c.e.s.ServiceRegistryApplicationTests    : Started ServiceRegistryApplicationTests in 11.313 seconds (JVM running for 13.527)
2019-02-08 11:19:51.641  INFO 32506 --- [      Thread-16] o.s.c.n.e.server.EurekaServerBootstrap   : isAws returned false
2019-02-08 11:19:51.675  INFO 32506 --- [      Thread-16] o.s.c.n.e.server.EurekaServerBootstrap   : Initialized server context
2019-02-08 11:19:51.675  INFO 32506 --- [      Thread-16] c.n.e.r.PeerAwareInstanceRegistryImpl    : Got 1 instances from neighboring DS node
2019-02-08 11:19:51.675  INFO 32506 --- [      Thread-16] c.n.e.r.PeerAwareInstanceRegistryImpl    : Renew threshold is: 1
2019-02-08 11:19:51.676  INFO 32506 --- [      Thread-16] c.n.e.r.PeerAwareInstanceRegistryImpl    : Changing status to UP
2019-02-08 11:19:51.710  INFO 32506 --- [      Thread-16] e.s.EurekaServerInitializerConfiguration : Started Eureka Server
]]></system-out>
  <system-err><![CDATA[]]></system-err>
</testsuite>
