<?xml version="1.0" encoding="UTF-8"?>
<testsuite name="com.example.configserver.ConfigserverApplicationTests" tests="1" skipped="0" failures="0" errors="0" timestamp="2019-02-11T16:27:22" hostname="cdelabs" time="0.3">
  <properties/>
  <testcase name="contextLoads" classname="com.example.configserver.ConfigserverApplicationTests" time="0.3"/>
  <system-out><![CDATA[10:27:18.935 [Test worker] DEBUG org.springframework.test.context.junit4.SpringJUnit4ClassRunner - SpringJUnit4ClassRunner constructor called with [class com.example.configserver.ConfigserverApplicationTests]
10:27:18.940 [Test worker] DEBUG org.springframework.test.context.BootstrapUtils - Instantiating CacheAwareContextLoaderDelegate from class [org.springframework.test.context.cache.DefaultCacheAwareContextLoaderDelegate]
10:27:18.945 [Test worker] DEBUG org.springframework.test.context.BootstrapUtils - Instantiating BootstrapContext using constructor [public org.springframework.test.context.support.DefaultBootstrapContext(java.lang.Class,org.springframework.test.context.CacheAwareContextLoaderDelegate)]
10:27:18.962 [Test worker] DEBUG org.springframework.test.context.BootstrapUtils - Instantiating TestContextBootstrapper for test class [com.example.configserver.ConfigserverApplicationTests] from class [org.springframework.boot.test.context.SpringBootTestContextBootstrapper]
10:27:18.969 [Test worker] INFO org.springframework.boot.test.context.SpringBootTestContextBootstrapper - Neither @ContextConfiguration nor @ContextHierarchy found for test class [com.example.configserver.ConfigserverApplicationTests], using SpringBootContextLoader
10:27:18.971 [Test worker] DEBUG org.springframework.test.context.support.AbstractContextLoader - Did not detect default resource location for test class [com.example.configserver.ConfigserverApplicationTests]: class path resource [com/example/configserver/ConfigserverApplicationTests-context.xml] does not exist
10:27:18.971 [Test worker] DEBUG org.springframework.test.context.support.AbstractContextLoader - Did not detect default resource location for test class [com.example.configserver.ConfigserverApplicationTests]: class path resource [com/example/configserver/ConfigserverApplicationTestsContext.groovy] does not exist
10:27:18.972 [Test worker] INFO org.springframework.test.context.support.AbstractContextLoader - Could not detect default resource locations for test class [com.example.configserver.ConfigserverApplicationTests]: no resource found for suffixes {-context.xml, Context.groovy}.
10:27:18.972 [Test worker] INFO org.springframework.test.context.support.AnnotationConfigContextLoaderUtils - Could not detect default configuration classes for test class [com.example.configserver.ConfigserverApplicationTests]: ConfigserverApplicationTests does not declare any static, non-private, non-final, nested classes annotated with @Configuration.
10:27:19.002 [Test worker] DEBUG org.springframework.test.context.support.ActiveProfilesUtils - Could not find an 'annotation declaring class' for annotation type [org.springframework.test.context.ActiveProfiles] and class [com.example.configserver.ConfigserverApplicationTests]
10:27:19.043 [Test worker] DEBUG org.springframework.context.annotation.ClassPathScanningCandidateComponentProvider - Identified candidate component class: file [/home/cdelabs/workspace/spring-cloud-pleasedontdelete/configserver/build/classes/java/main/com/example/configserver/ConfigserverApplication.class]
10:27:19.044 [Test worker] INFO org.springframework.boot.test.context.SpringBootTestContextBootstrapper - Found @SpringBootConfiguration com.example.configserver.ConfigserverApplication for test class com.example.configserver.ConfigserverApplicationTests
10:27:19.099 [Test worker] DEBUG org.springframework.boot.test.context.SpringBootTestContextBootstrapper - @TestExecutionListeners is not present for class [com.example.configserver.ConfigserverApplicationTests]: using defaults.
10:27:19.099 [Test worker] INFO org.springframework.boot.test.context.SpringBootTestContextBootstrapper - Loaded default TestExecutionListener class names from location [META-INF/spring.factories]: [org.springframework.boot.test.autoconfigure.restdocs.RestDocsTestExecutionListener, org.springframework.boot.test.autoconfigure.web.client.MockRestServiceServerResetTestExecutionListener, org.springframework.boot.test.autoconfigure.web.servlet.MockMvcPrintOnlyOnFailureTestExecutionListener, org.springframework.boot.test.autoconfigure.web.servlet.WebDriverTestExecutionListener, org.springframework.boot.test.mock.mockito.MockitoTestExecutionListener, org.springframework.boot.test.mock.mockito.ResetMocksTestExecutionListener, org.springframework.test.context.web.ServletTestExecutionListener, org.springframework.test.context.support.DirtiesContextBeforeModesTestExecutionListener, org.springframework.test.context.support.DependencyInjectionTestExecutionListener, org.springframework.test.context.support.DirtiesContextTestExecutionListener, org.springframework.test.context.transaction.TransactionalTestExecutionListener, org.springframework.test.context.jdbc.SqlScriptsTestExecutionListener]
10:27:19.106 [Test worker] DEBUG org.springframework.boot.test.context.SpringBootTestContextBootstrapper - Skipping candidate TestExecutionListener [org.springframework.test.context.transaction.TransactionalTestExecutionListener] due to a missing dependency. Specify custom listener classes or make the default listener classes and their required dependencies available. Offending class: [org/springframework/transaction/TransactionDefinition]
10:27:19.106 [Test worker] DEBUG org.springframework.boot.test.context.SpringBootTestContextBootstrapper - Skipping candidate TestExecutionListener [org.springframework.test.context.jdbc.SqlScriptsTestExecutionListener] due to a missing dependency. Specify custom listener classes or make the default listener classes and their required dependencies available. Offending class: [org/springframework/transaction/interceptor/TransactionAttribute]
10:27:19.106 [Test worker] INFO org.springframework.boot.test.context.SpringBootTestContextBootstrapper - Using TestExecutionListeners: [org.springframework.test.context.web.ServletTestExecutionListener@22b4e250, org.springframework.test.context.support.DirtiesContextBeforeModesTestExecutionListener@38cbee87, org.springframework.boot.test.mock.mockito.MockitoTestExecutionListener@6c480993, org.springframework.boot.test.autoconfigure.SpringBootDependencyInjectionTestExecutionListener@2c19b48f, org.springframework.test.context.support.DirtiesContextTestExecutionListener@293a653e, org.springframework.boot.test.autoconfigure.restdocs.RestDocsTestExecutionListener@4ee20948, org.springframework.boot.test.autoconfigure.web.client.MockRestServiceServerResetTestExecutionListener@62ca9596, org.springframework.boot.test.autoconfigure.web.servlet.MockMvcPrintOnlyOnFailureTestExecutionListener@316e88c, org.springframework.boot.test.autoconfigure.web.servlet.WebDriverTestExecutionListener@79ff6e45, org.springframework.boot.test.mock.mockito.ResetMocksTestExecutionListener@2709907b]
10:27:19.108 [Test worker] DEBUG org.springframework.test.annotation.ProfileValueUtils - Retrieved @ProfileValueSourceConfiguration [null] for test class [com.example.configserver.ConfigserverApplicationTests]
10:27:19.108 [Test worker] DEBUG org.springframework.test.annotation.ProfileValueUtils - Retrieved ProfileValueSource type [class org.springframework.test.annotation.SystemProfileValueSource] for class [com.example.configserver.ConfigserverApplicationTests]
10:27:19.109 [Test worker] DEBUG org.springframework.test.annotation.ProfileValueUtils - Retrieved @ProfileValueSourceConfiguration [null] for test class [com.example.configserver.ConfigserverApplicationTests]
10:27:19.109 [Test worker] DEBUG org.springframework.test.annotation.ProfileValueUtils - Retrieved ProfileValueSource type [class org.springframework.test.annotation.SystemProfileValueSource] for class [com.example.configserver.ConfigserverApplicationTests]
10:27:19.111 [Test worker] DEBUG org.springframework.test.context.support.AbstractDirtiesContextTestExecutionListener - Before test class: context [DefaultTestContext@45351209 testClass = ConfigserverApplicationTests, testInstance = [null], testMethod = [null], testException = [null], mergedContextConfiguration = [WebMergedContextConfiguration@18264b57 testClass = ConfigserverApplicationTests, locations = '{}', classes = '{class com.example.configserver.ConfigserverApplication}', contextInitializerClasses = '[]', activeProfiles = '{}', propertySourceLocations = '{}', propertySourceProperties = '{org.springframework.boot.test.context.SpringBootTestContextBootstrapper=true}', contextCustomizers = set[org.springframework.boot.test.autoconfigure.properties.PropertyMappingContextCustomizer@0, org.springframework.boot.test.autoconfigure.web.servlet.WebDriverContextCustomizerFactory$Customizer@4f146b17, org.springframework.boot.test.context.filter.ExcludeFilterContextCustomizer@751679a5, org.springframework.boot.test.json.DuplicateJsonObjectContextCustomizerFactory$DuplicateJsonObjectContextCustomizer@25d65c76, org.springframework.boot.test.mock.mockito.MockitoContextCustomizer@0, org.springframework.boot.test.web.client.TestRestTemplateContextCustomizer@1874f87d], resourceBasePath = 'src/main/webapp', contextLoader = 'org.springframework.boot.test.context.SpringBootContextLoader', parent = [null]], attributes = map['org.springframework.test.context.web.ServletTestExecutionListener.activateListener' -> true]], class annotated with @DirtiesContext [false] with mode [null].
10:27:19.112 [Test worker] DEBUG org.springframework.test.annotation.ProfileValueUtils - Retrieved @ProfileValueSourceConfiguration [null] for test class [com.example.configserver.ConfigserverApplicationTests]
10:27:19.112 [Test worker] DEBUG org.springframework.test.annotation.ProfileValueUtils - Retrieved ProfileValueSource type [class org.springframework.test.annotation.SystemProfileValueSource] for class [com.example.configserver.ConfigserverApplicationTests]
10:27:19.125 [Test worker] DEBUG org.springframework.test.context.support.TestPropertySourceUtils - Adding inlined properties to environment: {spring.jmx.enabled=false, org.springframework.boot.test.context.SpringBootTestContextBootstrapper=true, server.port=-1}
2019-02-11 10:27:19.534  INFO 12698 --- [    Test worker] trationDelegate$BeanPostProcessorChecker : Bean 'org.springframework.cloud.autoconfigure.ConfigurationPropertiesRebinderAutoConfiguration' of type [org.springframework.cloud.autoconfigure.ConfigurationPropertiesRebinderAutoConfiguration$$EnhancerBySpringCGLIB$$9611a885] is not eligible for getting processed by all BeanPostProcessors (for example: not eligible for auto-proxying)

  .   ____          _            __ _ _
 /\\ / ___'_ __ _ _(_)_ __  __ _ \ \ \ \
( ( )\___ | '_ | '_| | '_ \/ _` | \ \ \ \
 \\/  ___)| |_)| | | | | || (_| |  ) ) ) )
  '  |____| .__|_| |_|_| |_\__, | / / / /
 =========|_|==============|___/=/_/_/_/
 :: Spring Boot ::        (v2.1.2.RELEASE)

2019-02-11 10:27:19.715  INFO 12698 --- [    Test worker] c.e.c.ConfigserverApplicationTests       : No active profile set, falling back to default profiles: default
2019-02-11 10:27:20.444  INFO 12698 --- [    Test worker] o.s.cloud.context.scope.GenericScope     : BeanFactory id=4fa85f73-5e55-3dff-9f90-4ce2f7d24b7c
2019-02-11 10:27:20.498  INFO 12698 --- [    Test worker] trationDelegate$BeanPostProcessorChecker : Bean 'org.springframework.cloud.autoconfigure.ConfigurationPropertiesRebinderAutoConfiguration' of type [org.springframework.cloud.autoconfigure.ConfigurationPropertiesRebinderAutoConfiguration$$EnhancerBySpringCGLIB$$9611a885] is not eligible for getting processed by all BeanPostProcessors (for example: not eligible for auto-proxying)
2019-02-11 10:27:21.362  INFO 12698 --- [    Test worker] o.s.s.concurrent.ThreadPoolTaskExecutor  : Initializing ExecutorService 'applicationTaskExecutor'
2019-02-11 10:27:22.467  INFO 12698 --- [    Test worker] o.s.b.a.e.web.EndpointLinksResolver      : Exposing 2 endpoint(s) beneath base path '/actuator'
2019-02-11 10:27:22.511  INFO 12698 --- [    Test worker] c.e.c.ConfigserverApplicationTests       : Started ConfigserverApplicationTests in 3.381 seconds (JVM running for 4.134)
]]></system-out>
  <system-err><![CDATA[]]></system-err>
</testsuite>
